{"meta": {"format": 3, "version": "7.13.5", "timestamp": "2026-04-06T14:38:14.686321", "branch_coverage": false, "show_contexts": false}, "files": {"src/tarok/__init__.py": {"executed_lines": [], "summary": {"covered_lines": 0, "num_statements": 0, "percent_covered": 100.0, "percent_covered_display": "100", "missing_lines": 0, "excluded_lines": 0, "percent_statements_covered": 100.0, "percent_statements_covered_display": "100"}, "missing_lines": [], "excluded_lines": [], "functions": {"": {"executed_lines": [], "summary": {"covered_lines": 0, "num_statements": 0, "percent_covered": 100.0, "percent_covered_display": "100", "missing_lines": 0, "excluded_lines": 0, "percent_statements_covered": 100.0, "percent_statements_covered_display": "100"}, "missing_lines": [], "excluded_lines": [], "start_line": 1}}, "classes": {"": {"executed_lines": [], "summary": {"covered_lines": 0, "num_statements": 0, "percent_covered": 100.0, "percent_covered_display": "100", "missing_lines": 0, "excluded_lines": 0, "percent_statements_covered": 100.0, "percent_statements_covered_display": "100"}, "missing_lines": [], "excluded_lines": [], "start_line": 1}}}, "src/tarok/__main__.py": {"executed_lines": [], "summary": {"covered_lines": 0, "num_statements": 163, "percent_covered": 0.0, "percent_covered_display": "0", "missing_lines": 163, "excluded_lines": 0, "percent_statements_covered": 0.0, "percent_statements_covered_display": "0"}, "missing_lines": [3, 4, 7, 8, 9, 10, 11, 12, 13, 14, 15, 16, 17, 18, 19, 20, 21, 22, 23, 24, 25, 26, 28, 31, 32, 33, 41, 42, 43, 44, 45, 47, 48, 49, 51, 52, 54, 55, 56, 57, 58, 59, 60, 62, 66, 73, 74, 75, 76, 77, 89, 90, 92, 93, 94, 95, 96, 97, 98, 101, 102, 103, 104, 105, 106, 107, 108, 109, 110, 111, 112, 113, 114, 116, 117, 118, 119, 120, 121, 122, 123, 126, 127, 130, 131, 132, 134, 135, 136, 138, 139, 140, 141, 142, 145, 146, 147, 148, 149, 150, 151, 152, 153, 155, 164, 165, 166, 167, 170, 171, 172, 174, 175, 176, 178, 180, 181, 182, 184, 189, 190, 191, 192, 195, 196, 197, 199, 200, 201, 203, 204, 205, 206, 207, 208, 209, 211, 212, 213, 214, 215, 216, 217, 218, 219, 220, 221, 222, 223, 225, 236, 239, 240, 241, 243, 244, 245, 247, 249, 254, 255, 256, 257], "excluded_lines": [], "functions": {"main": {"executed_lines": [], "summary": {"covered_lines": 0, "num_statements": 20, "percent_covered": 0.0, "percent_covered_display": "0", "missing_lines": 20, "excluded_lines": 0, "percent_statements_covered": 0.0, "percent_statements_covered_display": "0"}, "missing_lines": [8, 9, 10, 11, 12, 13, 14, 15, 16, 17, 18, 19, 20, 21, 22, 23, 24, 25, 26, 28], "excluded_lines": [], "start_line": 7}, "run_server": {"executed_lines": [], "summary": {"covered_lines": 0, "num_statements": 2, "percent_covered": 0.0, "percent_covered_display": "0", "missing_lines": 2, "excluded_lines": 0, "percent_statements_covered": 0.0, "percent_statements_covered_display": "0"}, "missing_lines": [32, 33], "excluded_lines": [], "start_line": 31}, "run_training": {"executed_lines": [], "summary": {"covered_lines": 0, "num_statements": 50, "percent_covered": 0.0, "percent_covered_display": "0", "missing_lines": 50, "excluded_lines": 0, "percent_statements_covered": 0.0, "percent_statements_covered_display": "0"}, "missing_lines": [42, 43, 44, 45, 47, 48, 49, 51, 52, 54, 55, 56, 57, 58, 59, 60, 62, 66, 73, 89, 90, 92, 93, 94, 95, 96, 97, 98, 101, 102, 103, 104, 105, 106, 107, 108, 109, 110, 111, 112, 113, 114, 116, 117, 118, 119, 120, 121, 122, 123], "excluded_lines": [], "start_line": 41}, "run_training.print_metrics": {"executed_lines": [], "summary": {"covered_lines": 0, "num_statements": 4, "percent_covered": 0.0, "percent_covered_display": "0", "missing_lines": 4, "excluded_lines": 0, "percent_statements_covered": 0.0, "percent_statements_covered_display": "0"}, "missing_lines": [74, 75, 76, 77], "excluded_lines": [], "start_line": 73}, "run_evolution": {"executed_lines": [], "summary": {"covered_lines": 0, "num_statements": 24, "percent_covered": 0.0, "percent_covered_display": "0", "missing_lines": 24, "excluded_lines": 0, "percent_statements_covered": 0.0, "percent_statements_covered_display": "0"}, "missing_lines": [131, 132, 134, 135, 136, 138, 139, 140, 141, 142, 145, 146, 147, 148, 149, 150, 151, 152, 153, 155, 164, 165, 166, 167], "excluded_lines": [], "start_line": 130}, "run_train_evolved": {"executed_lines": [], "summary": {"covered_lines": 0, "num_statements": 14, "percent_covered": 0.0, "percent_covered_display": "0", "missing_lines": 14, "excluded_lines": 0, "percent_statements_covered": 0.0, "percent_statements_covered_display": "0"}, "missing_lines": [171, 172, 174, 175, 176, 178, 180, 181, 182, 184, 189, 190, 191, 192], "excluded_lines": [], "start_line": 170}, "run_breeding_cli": {"executed_lines": [], "summary": {"covered_lines": 0, "num_statements": 27, "percent_covered": 0.0, "percent_covered_display": "0", "missing_lines": 27, "excluded_lines": 0, "percent_statements_covered": 0.0, "percent_statements_covered_display": "0"}, "missing_lines": [196, 197, 199, 200, 201, 203, 204, 205, 206, 207, 208, 209, 211, 212, 213, 214, 215, 216, 217, 218, 219, 220, 221, 222, 223, 225, 236], "excluded_lines": [], "start_line": 195}, "run_train_bred": {"executed_lines": [], "summary": {"covered_lines": 0, "num_statements": 11, "percent_covered": 0.0, "percent_covered_display": "0", "missing_lines": 11, "excluded_lines": 0, "percent_statements_covered": 0.0, "percent_statements_covered_display": "0"}, "missing_lines": [240, 241, 243, 244, 245, 247, 249, 254, 255, 256, 257], "excluded_lines": [], "start_line": 239}, "": {"executed_lines": [], "summary": {"covered_lines": 0, "num_statements": 11, "percent_covered": 0.0, "percent_covered_display": "0", "missing_lines": 11, "excluded_lines": 0, "percent_statements_covered": 0.0, "percent_statements_covered_display": "0"}, "missing_lines": [3, 4, 7, 31, 41, 126, 127, 130, 170, 195, 239], "excluded_lines": [], "start_line": 1}}, "classes": {"": {"executed_lines": [], "summary": {"covered_lines": 0, "num_statements": 163, "percent_covered": 0.0, "percent_covered_display": "0", "missing_lines": 163, "excluded_lines": 0, "percent_statements_covered": 0.0, "percent_statements_covered_display": "0"}, "missing_lines": [3, 4, 7, 8, 9, 10, 11, 12, 13, 14, 15, 16, 17, 18, 19, 20, 21, 22, 23, 24, 25, 26, 28, 31, 32, 33, 41, 42, 43, 44, 45, 47, 48, 49, 51, 52, 54, 55, 56, 57, 58, 59, 60, 62, 66, 73, 74, 75, 76, 77, 89, 90, 92, 93, 94, 95, 96, 97, 98, 101, 102, 103, 104, 105, 106, 107, 108, 109, 110, 111, 112, 113, 114, 116, 117, 118, 119, 120, 121, 122, 123, 126, 127, 130, 131, 132, 134, 135, 136, 138, 139, 140, 141, 142, 145, 146, 147, 148, 149, 150, 151, 152, 153, 155, 164, 165, 166, 167, 170, 171, 172, 174, 175, 176, 178, 180, 181, 182, 184, 189, 190, 191, 192, 195, 196, 197, 199, 200, 201, 203, 204, 205, 206, 207, 208, 209, 211, 212, 213, 214, 215, 216, 217, 218, 219, 220, 221, 222, 223, 225, 236, 239, 240, 241, 243, 244, 245, 247, 249, 254, 255, 256, 257], "excluded_lines": [], "start_line": 1}}}, "src/tarok/adapters/__init__.py": {"executed_lines": [], "summary": {"covered_lines": 0, "num_statements": 0, "percent_covered": 100.0, "percent_covered_display": "100", "missing_lines": 0, "excluded_lines": 0, "percent_statements_covered": 100.0, "percent_statements_covered_display": "100"}, "missing_lines": [], "excluded_lines": [], "functions": {"": {"executed_lines": [], "summary": {"covered_lines": 0, "num_statements": 0, "percent_covered": 100.0, "percent_covered_display": "100", "missing_lines": 0, "excluded_lines": 0, "percent_statements_covered": 100.0, "percent_statements_covered_display": "100"}, "missing_lines": [], "excluded_lines": [], "start_line": 1}}, "classes": {"": {"executed_lines": [], "summary": {"covered_lines": 0, "num_statements": 0, "percent_covered": 100.0, "percent_covered_display": "100", "missing_lines": 0, "excluded_lines": 0, "percent_statements_covered": 100.0, "percent_statements_covered_display": "100"}, "missing_lines": [], "excluded_lines": [], "start_line": 1}}}, "src/tarok/adapters/ai/__init__.py": {"executed_lines": [], "summary": {"covered_lines": 0, "num_statements": 0, "percent_covered": 100.0, "percent_covered_display": "100", "missing_lines": 0, "excluded_lines": 0, "percent_statements_covered": 100.0, "percent_statements_covered_display": "100"}, "missing_lines": [], "excluded_lines": [], "functions": {"": {"executed_lines": [], "summary": {"covered_lines": 0, "num_statements": 0, "percent_covered": 100.0, "percent_covered_display": "100", "missing_lines": 0, "excluded_lines": 0, "percent_statements_covered": 100.0, "percent_statements_covered_display": "100"}, "missing_lines": [], "excluded_lines": [], "start_line": 1}}, "classes": {"": {"executed_lines": [], "summary": {"covered_lines": 0, "num_statements": 0, "percent_covered": 100.0, "percent_covered_display": "100", "missing_lines": 0, "excluded_lines": 0, "percent_statements_covered": 100.0, "percent_statements_covered_display": "100"}, "missing_lines": [], "excluded_lines": [], "start_line": 1}}}, "src/tarok/adapters/ai/agent.py": {"executed_lines": [7, 9, 10, 12, 14, 15, 16, 19, 20, 41, 42, 44, 45, 46, 47, 48, 49, 50, 51, 52, 53, 56, 65, 74, 75, 76, 77, 78, 79, 82, 83, 84, 85, 87, 88, 91, 92, 93, 95, 96, 126, 141, 149, 150, 153, 154, 157, 163, 165, 175, 176, 177, 178, 179, 183, 193, 194, 196, 198, 199, 200, 204, 208, 209, 210, 211, 212, 213, 214, 215, 216, 218, 219, 220, 225, 226, 236, 238, 244, 247, 248, 249, 251, 253, 255, 258, 259, 260, 262, 263, 264, 267, 270, 271, 272, 274, 276, 280, 281, 284, 286, 287, 289, 294, 301, 303, 304, 305, 307, 310, 311, 312, 313, 315, 321, 323, 325, 326, 327, 328, 330, 331, 333, 335, 336], "summary": {"covered_lines": 125, "num_statements": 146, "percent_covered": 85.61643835616438, "percent_covered_display": "86", "missing_lines": 21, "excluded_lines": 0, "percent_statements_covered": 85.61643835616438, "percent_statements_covered_display": "86"}, "missing_lines": [89, 105, 106, 108, 110, 111, 119, 120, 134, 135, 136, 137, 139, 155, 252, 265, 273, 285, 292, 314, 342], "excluded_lines": [], "functions": {"RLAgent.__init__": {"executed_lines": [74, 75, 76, 77, 78, 79, 82, 83, 84, 85], "summary": {"covered_lines": 10, "num_statements": 10, "percent_covered": 100.0, "percent_covered_display": "100", "missing_lines": 0, "excluded_lines": 0, "percent_statements_covered": 100.0, "percent_statements_covered_display": "100"}, "missing_lines": [], "excluded_lines": [], "start_line": 65}, "RLAgent.name": {"executed_lines": [], "summary": {"covered_lines": 0, "num_statements": 1, "percent_covered": 0.0, "percent_covered_display": "0", "missing_lines": 1, "excluded_lines": 0, "percent_statements_covered": 0.0, "percent_statements_covered_display": "0"}, "missing_lines": [89], "excluded_lines": [], "start_line": 88}, "RLAgent.set_training": {"executed_lines": [92, 93], "summary": {"covered_lines": 2, "num_statements": 2, "percent_covered": 100.0, "percent_covered_display": "100", "missing_lines": 0, "excluded_lines": 0, "percent_statements_covered": 100.0, "percent_statements_covered_display": "100"}, "missing_lines": [], "excluded_lines": [], "start_line": 91}, "RLAgent.from_checkpoint": {"executed_lines": [], "summary": {"covered_lines": 0, "num_statements": 7, "percent_covered": 0.0, "percent_covered_display": "0", "missing_lines": 7, "excluded_lines": 0, "percent_statements_covered": 0.0, "percent_statements_covered_display": "0"}, "missing_lines": [105, 106, 108, 110, 111, 119, 120], "excluded_lines": [], "start_line": 96}, "RLAgent._decide_from_tensors": {"executed_lines": [], "summary": {"covered_lines": 0, "num_statements": 5, "percent_covered": 0.0, "percent_covered_display": "0", "missing_lines": 5, "excluded_lines": 0, "percent_statements_covered": 0.0, "percent_statements_covered_display": "0"}, "missing_lines": [134, 135, 136, 137, 139], "excluded_lines": [], "start_line": 126}, "RLAgent._decide": {"executed_lines": [149, 150, 153, 154, 157, 163], "summary": {"covered_lines": 6, "num_statements": 7, "percent_covered": 85.71428571428571, "percent_covered_display": "86", "missing_lines": 1, "excluded_lines": 0, "percent_statements_covered": 85.71428571428571, "percent_statements_covered_display": "86"}, "missing_lines": [155], "excluded_lines": [], "start_line": 141}, "RLAgent._decide_core": {"executed_lines": [175, 176, 177, 178, 179, 183, 193, 194, 196, 198, 199, 200, 204, 208, 209, 210, 211, 212, 213, 214, 215, 216, 218, 219, 220, 225, 226, 236, 238], "summary": {"covered_lines": 29, "num_statements": 29, "percent_covered": 100.0, "percent_covered_display": "100", "missing_lines": 0, "excluded_lines": 0, "percent_statements_covered": 100.0, "percent_statements_covered_display": "100"}, "missing_lines": [], "excluded_lines": [], "start_line": 165}, "RLAgent.choose_bid": {"executed_lines": [247, 248, 249, 251, 253], "summary": {"covered_lines": 5, "num_statements": 6, "percent_covered": 83.33333333333333, "percent_covered_display": "83", "missing_lines": 1, "excluded_lines": 0, "percent_statements_covered": 83.33333333333333, "percent_statements_covered_display": "83"}, "missing_lines": [252], "excluded_lines": [], "start_line": 244}, "RLAgent.choose_king": {"executed_lines": [258, 259, 260, 262, 263, 264], "summary": {"covered_lines": 6, "num_statements": 7, "percent_covered": 85.71428571428571, "percent_covered_display": "86", "missing_lines": 1, "excluded_lines": 0, "percent_statements_covered": 85.71428571428571, "percent_statements_covered_display": "86"}, "missing_lines": [265], "excluded_lines": [], "start_line": 255}, "RLAgent.choose_talon_group": {"executed_lines": [270, 271, 272, 274], "summary": {"covered_lines": 4, "num_statements": 5, "percent_covered": 80.0, "percent_covered_display": "80", "missing_lines": 1, "excluded_lines": 0, "percent_statements_covered": 80.0, "percent_statements_covered_display": "80"}, "missing_lines": [273], "excluded_lines": [], "start_line": 267}, "RLAgent.choose_discard": {"executed_lines": [280, 281, 284, 286, 287], "summary": {"covered_lines": 5, "num_statements": 6, "percent_covered": 83.33333333333333, "percent_covered_display": "83", "missing_lines": 1, "excluded_lines": 0, "percent_statements_covered": 83.33333333333333, "percent_statements_covered_display": "83"}, "missing_lines": [285], "excluded_lines": [], "start_line": 276}, "RLAgent.choose_announcements": {"executed_lines": [], "summary": {"covered_lines": 0, "num_statements": 1, "percent_covered": 0.0, "percent_covered_display": "0", "missing_lines": 1, "excluded_lines": 0, "percent_statements_covered": 0.0, "percent_statements_covered_display": "0"}, "missing_lines": [292], "excluded_lines": [], "start_line": 289}, "RLAgent.choose_announce_action": {"executed_lines": [301, 303, 304, 305], "summary": {"covered_lines": 4, "num_statements": 4, "percent_covered": 100.0, "percent_covered_display": "100", "missing_lines": 0, "excluded_lines": 0, "percent_statements_covered": 100.0, "percent_statements_covered_display": "100"}, "missing_lines": [], "excluded_lines": [], "start_line": 294}, "RLAgent.choose_card": {"executed_lines": [310, 311, 312, 313, 315], "summary": {"covered_lines": 5, "num_statements": 6, "percent_covered": 83.33333333333333, "percent_covered_display": "83", "missing_lines": 1, "excluded_lines": 0, "percent_statements_covered": 83.33333333333333, "percent_statements_covered_display": "83"}, "missing_lines": [314], "excluded_lines": [], "start_line": 307}, "RLAgent.finalize_game": {"executed_lines": [323, 325, 326, 327, 328], "summary": {"covered_lines": 5, "num_statements": 5, "percent_covered": 100.0, "percent_covered_display": "100", "missing_lines": 0, "excluded_lines": 0, "percent_statements_covered": 100.0, "percent_statements_covered_display": "100"}, "missing_lines": [], "excluded_lines": [], "start_line": 321}, "RLAgent.clear_experiences": {"executed_lines": [331], "summary": {"covered_lines": 1, "num_statements": 1, "percent_covered": 100.0, "percent_covered_display": "100", "missing_lines": 0, "excluded_lines": 0, "percent_statements_covered": 100.0, "percent_statements_covered_display": "100"}, "missing_lines": [], "excluded_lines": [], "start_line": 330}, "RLAgent.decay_exploration": {"executed_lines": [335, 336], "summary": {"covered_lines": 2, "num_statements": 3, "percent_covered": 66.66666666666667, "percent_covered_display": "67", "missing_lines": 1, "excluded_lines": 0, "percent_statements_covered": 66.66666666666667, "percent_statements_covered_display": "67"}, "missing_lines": [342], "excluded_lines": [], "start_line": 333}, "": {"executed_lines": [7, 9, 10, 12, 14, 15, 16, 19, 20, 41, 42, 44, 45, 46, 47, 48, 49, 50, 51, 52, 53, 56, 65, 87, 88, 91, 95, 96, 126, 141, 165, 244, 255, 267, 276, 289, 294, 307, 321, 330, 333], "summary": {"covered_lines": 41, "num_statements": 41, "percent_covered": 100.0, "percent_covered_display": "100", "missing_lines": 0, "excluded_lines": 0, "percent_statements_covered": 100.0, "percent_statements_covered_display": "100"}, "missing_lines": [], "excluded_lines": [], "start_line": 1}}, "classes": {"Experience": {"executed_lines": [], "summary": {"covered_lines": 0, "num_statements": 0, "percent_covered": 100.0, "percent_covered_display": "100", "missing_lines": 0, "excluded_lines": 0, "percent_statements_covered": 100.0, "percent_statements_covered_display": "100"}, "missing_lines": [], "excluded_lines": [], "start_line": 42}, "RLAgent": {"executed_lines": [74, 75, 76, 77, 78, 79, 82, 83, 84, 85, 92, 93, 149, 150, 153, 154, 157, 163, 175, 176, 177, 178, 179, 183, 193, 194, 196, 198, 199, 200, 204, 208, 209, 210, 211, 212, 213, 214, 215, 216, 218, 219, 220, 225, 226, 236, 238, 247, 248, 249, 251, 253, 258, 259, 260, 262, 263, 264, 270, 271, 272, 274, 280, 281, 284, 286, 287, 301, 303, 304, 305, 310, 311, 312, 313, 315, 323, 325, 326, 327, 328, 331, 335, 336], "summary": {"covered_lines": 84, "num_statements": 105, "percent_covered": 80.0, "percent_covered_display": "80", "missing_lines": 21, "excluded_lines": 0, "percent_statements_covered": 80.0, "percent_statements_covered_display": "80"}, "missing_lines": [89, 105, 106, 108, 110, 111, 119, 120, 134, 135, 136, 137, 139, 155, 252, 265, 273, 285, 292, 314, 342], "excluded_lines": [], "start_line": 56}, "": {"executed_lines": [7, 9, 10, 12, 14, 15, 16, 19, 20, 41, 42, 44, 45, 46, 47, 48, 49, 50, 51, 52, 53, 56, 65, 87, 88, 91, 95, 96, 126, 141, 165, 244, 255, 267, 276, 289, 294, 307, 321, 330, 333], "summary": {"covered_lines": 41, "num_statements": 41, "percent_covered": 100.0, "percent_covered_display": "100", "missing_lines": 0, "excluded_lines": 0, "percent_statements_covered": 100.0, "percent_statements_covered_display": "100"}, "missing_lines": [], "excluded_lines": [], "start_line": 1}}}, "src/tarok/adapters/ai/behavioral_profile.py": {"executed_lines": [11, 13, 14, 16, 18, 39, 42, 44, 47, 50, 52, 55, 56, 65, 66, 69, 70, 73, 74, 77, 78, 79, 81, 82, 94, 95, 96, 98, 99, 101, 102, 114, 116, 128, 129, 131, 145, 157, 169, 172, 184, 186, 188, 189, 191, 192, 194, 196, 197, 200, 202, 204, 205, 207, 209, 210, 212, 213, 215, 217, 224, 225, 228, 230], "summary": {"covered_lines": 64, "num_statements": 66, "percent_covered": 96.96969696969697, "percent_covered_display": "97", "missing_lines": 2, "excluded_lines": 0, "percent_statements_covered": 96.96969696969697, "percent_statements_covered_display": "97"}, "missing_lines": [219, 221], "excluded_lines": [], "functions": {"BehavioralProfile.to_dict": {"executed_lines": [82], "summary": {"covered_lines": 1, "num_statements": 1, "percent_covered": 100.0, "percent_covered_display": "100", "missing_lines": 0, "excluded_lines": 0, "percent_statements_covered": 100.0, "percent_statements_covered_display": "100"}, "missing_lines": [], "excluded_lines": [], "start_line": 81}, "BehavioralProfile.from_dict": {"executed_lines": [96], "summary": {"covered_lines": 1, "num_statements": 1, "percent_covered": 100.0, "percent_covered_display": "100", "missing_lines": 0, "excluded_lines": 0, "percent_statements_covered": 100.0, "percent_statements_covered_display": "100"}, "missing_lines": [], "excluded_lines": [], "start_line": 95}, "BehavioralProfile.random": {"executed_lines": [101, 102], "summary": {"covered_lines": 2, "num_statements": 2, "percent_covered": 100.0, "percent_covered_display": "100", "missing_lines": 0, "excluded_lines": 0, "percent_statements_covered": 100.0, "percent_statements_covered_display": "100"}, "missing_lines": [], "excluded_lines": [], "start_line": 99}, "BehavioralProfile.to_genes": {"executed_lines": [116], "summary": {"covered_lines": 1, "num_statements": 1, "percent_covered": 100.0, "percent_covered_display": "100", "missing_lines": 0, "excluded_lines": 0, "percent_statements_covered": 100.0, "percent_statements_covered_display": "100"}, "missing_lines": [], "excluded_lines": [], "start_line": 114}, "BehavioralProfile.from_genes": {"executed_lines": [131], "summary": {"covered_lines": 1, "num_statements": 1, "percent_covered": 100.0, "percent_covered_display": "100", "missing_lines": 0, "excluded_lines": 0, "percent_statements_covered": 100.0, "percent_statements_covered_display": "100"}, "missing_lines": [], "excluded_lines": [], "start_line": 129}, "apply_behavioral_bias": {"executed_lines": [184, 186, 188, 189, 191, 192, 194, 196, 197, 200, 202, 204, 205, 207, 209, 210, 212, 213, 215, 217, 224, 225], "summary": {"covered_lines": 22, "num_statements": 24, "percent_covered": 91.66666666666667, "percent_covered_display": "92", "missing_lines": 2, "excluded_lines": 0, "percent_statements_covered": 91.66666666666667, "percent_statements_covered_display": "92"}, "missing_lines": [219, 221], "excluded_lines": [], "start_line": 172}, "apply_temperature": {"executed_lines": [230], "summary": {"covered_lines": 1, "num_statements": 1, "percent_covered": 100.0, "percent_covered_display": "100", "missing_lines": 0, "excluded_lines": 0, "percent_statements_covered": 100.0, "percent_statements_covered_display": "100"}, "missing_lines": [], "excluded_lines": [], "start_line": 228}, "": {"executed_lines": [11, 13, 14, 16, 18, 39, 42, 44, 47, 50, 52, 55, 56, 65, 66, 69, 70, 73, 74, 77, 78, 79, 81, 94, 95, 98, 99, 114, 128, 129, 145, 157, 169, 172, 228], "summary": {"covered_lines": 35, "num_statements": 35, "percent_covered": 100.0, "percent_covered_display": "100", "missing_lines": 0, "excluded_lines": 0, "percent_statements_covered": 100.0, "percent_statements_covered_display": "100"}, "missing_lines": [], "excluded_lines": [], "start_line": 1}}, "classes": {"BehavioralProfile": {"executed_lines": [82, 96, 101, 102, 116, 131], "summary": {"covered_lines": 6, "num_statements": 6, "percent_covered": 100.0, "percent_covered_display": "100", "missing_lines": 0, "excluded_lines": 0, "percent_statements_covered": 100.0, "percent_statements_covered_display": "100"}, "missing_lines": [], "excluded_lines": [], "start_line": 56}, "": {"executed_lines": [11, 13, 14, 16, 18, 39, 42, 44, 47, 50, 52, 55, 56, 65, 66, 69, 70, 73, 74, 77, 78, 79, 81, 94, 95, 98, 99, 114, 128, 129, 145, 157, 169, 172, 184, 186, 188, 189, 191, 192, 194, 196, 197, 200, 202, 204, 205, 207, 209, 210, 212, 213, 215, 217, 224, 225, 228, 230], "summary": {"covered_lines": 58, "num_statements": 60, "percent_covered": 96.66666666666667, "percent_covered_display": "97", "missing_lines": 2, "excluded_lines": 0, "percent_statements_covered": 96.66666666666667, "percent_statements_covered_display": "97"}, "missing_lines": [219, 221], "excluded_lines": [], "start_line": 1}}}, "src/tarok/adapters/ai/breeding.py": {"executed_lines": [16, 18, 19, 20, 21, 22, 23, 24, 25, 27, 28, 29, 31, 32, 38, 39, 46, 47, 48, 49, 50, 51, 52, 53, 54, 56, 57, 68, 69, 71, 72, 73, 74, 75, 76, 77, 78, 79, 80, 81, 82, 83, 85, 87, 88, 89, 91, 93, 95, 96, 123, 124, 126, 127, 130, 131, 132, 133, 136, 137, 140, 141, 142, 145, 146, 147, 148, 149, 150, 151, 152, 153, 155, 156, 163, 178, 181, 189, 190, 192, 199, 200, 201, 207, 208, 209, 211, 212, 213, 214, 215, 217, 218, 219, 220, 221, 223, 224, 225, 227, 228, 229, 230, 234, 237, 238, 246, 251, 253, 255, 256, 263, 264, 265, 266, 267, 269, 270, 272, 273, 274, 276, 277, 279, 280, 281, 283, 285, 286, 287, 288, 289, 291, 294, 295, 296, 297, 304, 305, 308, 314, 316, 317, 318, 319, 321, 323, 324, 326, 327, 328, 330, 331, 332, 334, 335, 336, 337, 338, 339, 340, 345, 346, 348, 352, 359, 368, 370, 371, 372, 374, 375, 377, 378, 379, 384, 386, 387, 389, 390, 395, 396, 397, 398, 399, 404, 405, 406, 408, 409, 412, 418, 419, 420, 422, 423, 425, 426, 427, 428, 429, 430, 432, 433, 439, 440, 441, 443, 447, 448, 450, 451, 452, 454, 455, 461, 462, 463, 464, 465, 471, 472, 473, 474, 479, 480, 481, 482, 484, 485, 486, 488, 489, 492, 493, 494, 500, 501, 502, 503, 504, 506, 512, 513, 514, 516, 518, 519, 520, 521, 528, 530, 537, 538, 539, 541, 542, 543, 545, 546, 549, 550, 553, 555, 562, 564, 565, 568, 573, 574, 576, 578, 591, 592, 593, 596, 602, 604, 605, 606, 607, 608, 610, 613, 620, 621, 630, 637], "summary": {"covered_lines": 288, "num_statements": 315, "percent_covered": 91.42857142857143, "percent_covered_display": "91", "missing_lines": 27, "excluded_lines": 0, "percent_statements_covered": 91.42857142857143, "percent_statements_covered_display": "91"}, "missing_lines": [193, 226, 231, 235, 306, 360, 361, 362, 363, 364, 366, 388, 507, 645, 647, 648, 649, 651, 652, 653, 654, 656, 666, 669, 670, 671, 673], "excluded_lines": [], "functions": {"BreedingIndividual.to_dict": {"executed_lines": [57], "summary": {"covered_lines": 1, "num_statements": 1, "percent_covered": 100.0, "percent_covered_display": "100", "missing_lines": 0, "excluded_lines": 0, "percent_statements_covered": 100.0, "percent_statements_covered_display": "100"}, "missing_lines": [], "excluded_lines": [], "start_line": 56}, "BreedingProgress.to_dict": {"executed_lines": [96], "summary": {"covered_lines": 1, "num_statements": 1, "percent_covered": 100.0, "percent_covered_display": "100", "missing_lines": 0, "excluded_lines": 0, "percent_statements_covered": 100.0, "percent_statements_covered_display": "100"}, "missing_lines": [], "excluded_lines": [], "start_line": 95}, "_evaluate_variant": {"executed_lines": [178, 181, 189, 190, 192, 199, 200, 201, 207, 208, 209, 211, 212, 213, 214, 215, 217, 218, 219, 220, 221, 223, 224, 225, 227, 228, 229, 230, 234, 237, 238], "summary": {"covered_lines": 31, "num_statements": 35, "percent_covered": 88.57142857142857, "percent_covered_display": "89", "missing_lines": 4, "excluded_lines": 0, "percent_statements_covered": 88.57142857142857, "percent_statements_covered_display": "89"}, "missing_lines": [193, 226, 231, 235], "excluded_lines": [], "start_line": 163}, "_fitness_from_metrics": {"executed_lines": [251, 253, 255, 256], "summary": {"covered_lines": 4, "num_statements": 4, "percent_covered": 100.0, "percent_covered_display": "100", "missing_lines": 0, "excluded_lines": 0, "percent_statements_covered": 100.0, "percent_statements_covered_display": "100"}, "missing_lines": [], "excluded_lines": [], "start_line": 246}, "_setup_breeding_deap": {"executed_lines": [264, 265, 266, 267, 269, 270, 272, 276, 277, 279, 280, 281, 283, 285, 286, 287, 288, 289, 291], "summary": {"covered_lines": 19, "num_statements": 19, "percent_covered": 100.0, "percent_covered_display": "100", "missing_lines": 0, "excluded_lines": 0, "percent_statements_covered": 100.0, "percent_statements_covered_display": "100"}, "missing_lines": [], "excluded_lines": [], "start_line": 263}, "_setup_breeding_deap._random_genes": {"executed_lines": [273, 274], "summary": {"covered_lines": 2, "num_statements": 2, "percent_covered": 100.0, "percent_covered_display": "100", "missing_lines": 0, "excluded_lines": 0, "percent_statements_covered": 100.0, "percent_statements_covered_display": "100"}, "missing_lines": [], "excluded_lines": [], "start_line": 272}, "_clip_genes": {"executed_lines": [295, 296, 297], "summary": {"covered_lines": 3, "num_statements": 3, "percent_covered": 100.0, "percent_covered_display": "100", "missing_lines": 0, "excluded_lines": 0, "percent_statements_covered": 100.0, "percent_statements_covered_display": "100"}, "missing_lines": [], "excluded_lines": [], "start_line": 294}, "run_breeding": {"executed_lines": [305, 308, 314, 316, 323, 324, 326, 327, 328, 330, 331, 332, 334, 335, 336, 337, 338, 339, 340, 345, 346, 348, 352, 359, 368, 370, 374, 375, 377, 378, 379, 384, 386, 387, 389, 390, 395, 396, 397, 398, 399, 404, 405, 406, 408, 409, 412, 418, 419, 420, 422, 423, 425, 426, 427, 428, 429, 430, 432, 433, 439, 440, 441, 443, 447, 448, 450, 451, 452, 454, 455, 461, 462, 463, 464, 465, 471, 472, 473, 474, 479, 480, 481, 482, 484, 485, 486, 488, 489, 492, 493, 494, 500, 501, 502, 503, 504, 506, 512, 513, 514, 516, 518, 519, 520, 521, 528, 530, 537, 538, 539, 541, 545, 546, 549, 550, 553, 555, 562, 564, 565, 568, 573, 574, 576, 578, 591, 592, 593, 596, 602, 604, 605, 606, 607, 608, 610], "summary": {"covered_lines": 137, "num_statements": 146, "percent_covered": 93.83561643835617, "percent_covered_display": "94", "missing_lines": 9, "excluded_lines": 0, "percent_statements_covered": 93.83561643835617, "percent_statements_covered_display": "94"}, "missing_lines": [306, 360, 361, 362, 363, 364, 366, 388, 507], "excluded_lines": [], "start_line": 304}, "run_breeding._notify": {"executed_lines": [317, 318, 319, 321], "summary": {"covered_lines": 4, "num_statements": 4, "percent_covered": 100.0, "percent_covered_display": "100", "missing_lines": 0, "excluded_lines": 0, "percent_statements_covered": 100.0, "percent_statements_covered_display": "100"}, "missing_lines": [], "excluded_lines": [], "start_line": 316}, "run_breeding._warmup_metrics": {"executed_lines": [371, 372], "summary": {"covered_lines": 2, "num_statements": 2, "percent_covered": 100.0, "percent_covered_display": "100", "missing_lines": 0, "excluded_lines": 0, "percent_statements_covered": 100.0, "percent_statements_covered_display": "100"}, "missing_lines": [], "excluded_lines": [], "start_line": 370}, "run_breeding._refine_metrics": {"executed_lines": [542, 543], "summary": {"covered_lines": 2, "num_statements": 2, "percent_covered": 100.0, "percent_covered_display": "100", "missing_lines": 0, "excluded_lines": 0, "percent_statements_covered": 100.0, "percent_statements_covered_display": "100"}, "missing_lines": [], "excluded_lines": [], "start_line": 541}, "_save_breeding_checkpoint": {"executed_lines": [620, 621, 630], "summary": {"covered_lines": 3, "num_statements": 3, "percent_covered": 100.0, "percent_covered_display": "100", "missing_lines": 0, "excluded_lines": 0, "percent_statements_covered": 100.0, "percent_statements_covered_display": "100"}, "missing_lines": [], "excluded_lines": [], "start_line": 613}, "train_with_bred_model": {"executed_lines": [], "summary": {"covered_lines": 0, "num_statements": 14, "percent_covered": 0.0, "percent_covered_display": "0", "missing_lines": 14, "excluded_lines": 0, "percent_statements_covered": 0.0, "percent_statements_covered_display": "0"}, "missing_lines": [645, 647, 648, 649, 651, 652, 653, 654, 656, 666, 669, 670, 671, 673], "excluded_lines": [], "start_line": 637}, "": {"executed_lines": [16, 18, 19, 20, 21, 22, 23, 24, 25, 27, 28, 29, 31, 32, 38, 39, 46, 47, 48, 49, 50, 51, 52, 53, 54, 56, 68, 69, 71, 72, 73, 74, 75, 76, 77, 78, 79, 80, 81, 82, 83, 85, 87, 88, 89, 91, 93, 95, 123, 124, 126, 127, 130, 131, 132, 133, 136, 137, 140, 141, 142, 145, 146, 147, 148, 149, 150, 151, 152, 153, 155, 156, 163, 246, 263, 294, 304, 613, 637], "summary": {"covered_lines": 79, "num_statements": 79, "percent_covered": 100.0, "percent_covered_display": "100", "missing_lines": 0, "excluded_lines": 0, "percent_statements_covered": 100.0, "percent_statements_covered_display": "100"}, "missing_lines": [], "excluded_lines": [], "start_line": 1}}, "classes": {"BreedingIndividual": {"executed_lines": [57], "summary": {"covered_lines": 1, "num_statements": 1, "percent_covered": 100.0, "percent_covered_display": "100", "missing_lines": 0, "excluded_lines": 0, "percent_statements_covered": 100.0, "percent_statements_covered_display": "100"}, "missing_lines": [], "excluded_lines": [], "start_line": 47}, "BreedingProgress": {"executed_lines": [96], "summary": {"covered_lines": 1, "num_statements": 1, "percent_covered": 100.0, "percent_covered_display": "100", "missing_lines": 0, "excluded_lines": 0, "percent_statements_covered": 100.0, "percent_statements_covered_display": "100"}, "missing_lines": [], "excluded_lines": [], "start_line": 69}, "BreedingConfig": {"executed_lines": [], "summary": {"covered_lines": 0, "num_statements": 0, "percent_covered": 100.0, "percent_covered_display": "100", "missing_lines": 0, "excluded_lines": 0, "percent_statements_covered": 100.0, "percent_statements_covered_display": "100"}, "missing_lines": [], "excluded_lines": [], "start_line": 124}, "": {"executed_lines": [16, 18, 19, 20, 21, 22, 23, 24, 25, 27, 28, 29, 31, 32, 38, 39, 46, 47, 48, 49, 50, 51, 52, 53, 54, 56, 68, 69, 71, 72, 73, 74, 75, 76, 77, 78, 79, 80, 81, 82, 83, 85, 87, 88, 89, 91, 93, 95, 123, 124, 126, 127, 130, 131, 132, 133, 136, 137, 140, 141, 142, 145, 146, 147, 148, 149, 150, 151, 152, 153, 155, 156, 163, 178, 181, 189, 190, 192, 199, 200, 201, 207, 208, 209, 211, 212, 213, 214, 215, 217, 218, 219, 220, 221, 223, 224, 225, 227, 228, 229, 230, 234, 237, 238, 246, 251, 253, 255, 256, 263, 264, 265, 266, 267, 269, 270, 272, 273, 274, 276, 277, 279, 280, 281, 283, 285, 286, 287, 288, 289, 291, 294, 295, 296, 297, 304, 305, 308, 314, 316, 317, 318, 319, 321, 323, 324, 326, 327, 328, 330, 331, 332, 334, 335, 336, 337, 338, 339, 340, 345, 346, 348, 352, 359, 368, 370, 371, 372, 374, 375, 377, 378, 379, 384, 386, 387, 389, 390, 395, 396, 397, 398, 399, 404, 405, 406, 408, 409, 412, 418, 419, 420, 422, 423, 425, 426, 427, 428, 429, 430, 432, 433, 439, 440, 441, 443, 447, 448, 450, 451, 452, 454, 455, 461, 462, 463, 464, 465, 471, 472, 473, 474, 479, 480, 481, 482, 484, 485, 486, 488, 489, 492, 493, 494, 500, 501, 502, 503, 504, 506, 512, 513, 514, 516, 518, 519, 520, 521, 528, 530, 537, 538, 539, 541, 542, 543, 545, 546, 549, 550, 553, 555, 562, 564, 565, 568, 573, 574, 576, 578, 591, 592, 593, 596, 602, 604, 605, 606, 607, 608, 610, 613, 620, 621, 630, 637], "summary": {"covered_lines": 286, "num_statements": 313, "percent_covered": 91.3738019169329, "percent_covered_display": "91", "missing_lines": 27, "excluded_lines": 0, "percent_statements_covered": 91.3738019169329, "percent_statements_covered_display": "91"}, "missing_lines": [193, 226, 231, 235, 306, 360, 361, 362, 363, 364, 366, 388, 507, 645, 647, 648, 649, 651, 652, 653, 654, 656, 666, 669, 670, 671, 673], "excluded_lines": [], "start_line": 1}}}, "src/tarok/adapters/ai/encoding.py": {"executed_lines": [6, 8, 10, 12, 13, 16, 19, 20, 21, 22, 23, 24, 28, 29, 30, 31, 32, 35, 36, 37, 38, 39, 40, 41, 42, 43, 44, 47, 55, 64, 65, 67, 70, 71, 74, 81, 84, 85, 86, 89, 90, 91, 92, 95, 96, 97, 98, 101, 102, 103, 104, 105, 108, 109, 110, 113, 114, 115, 116, 117, 118, 121, 122, 123, 124, 126, 127, 130, 131, 132, 135, 136, 139, 140, 143, 144, 147, 148, 151, 152, 153, 154, 156, 157, 160, 161, 162, 163, 164, 165, 168, 169, 170, 171, 172, 173, 174, 175, 176, 177, 178, 181, 182, 183, 184, 187, 188, 189, 192, 194, 195, 196, 197, 200, 205, 206, 207, 211, 230, 231, 234, 235, 238, 257, 259, 260, 261, 262, 265, 267, 268, 269, 270, 271, 272, 275, 277, 278, 279, 280, 281, 284, 286, 287, 288, 289, 292, 293, 296, 311, 312, 314, 315, 318, 319, 320, 323, 324, 325, 326, 329, 331, 333, 334, 335, 337, 338, 339, 340, 343, 344, 345, 346, 348], "summary": {"covered_lines": 174, "num_statements": 183, "percent_covered": 95.08196721311475, "percent_covered_display": "95", "missing_lines": 9, "excluded_lines": 0, "percent_statements_covered": 95.08196721311475, "percent_statements_covered_display": "95"}, "missing_lines": [245, 246, 248, 249, 250, 251, 252, 253, 255], "excluded_lines": [], "functions": {"_encode_state_into": {"executed_lines": [81, 84, 85, 86, 89, 90, 91, 92, 95, 96, 97, 98, 101, 102, 103, 104, 105, 108, 109, 110, 113, 114, 115, 116, 117, 118, 121, 122, 123, 124, 126, 127, 130, 131, 132, 135, 136, 139, 140, 143, 144, 147, 148, 151, 152, 153, 154, 156, 157, 160, 161, 162, 163, 164, 165, 168, 169, 170, 171, 172, 173, 174, 175, 176, 177, 178, 181, 182, 183, 184, 187, 188, 189, 192, 194, 195, 196, 197], "summary": {"covered_lines": 78, "num_statements": 78, "percent_covered": 100.0, "percent_covered_display": "100", "missing_lines": 0, "excluded_lines": 0, "percent_statements_covered": 100.0, "percent_statements_covered_display": "100"}, "missing_lines": [], "excluded_lines": [], "start_line": 74}, "encode_state": {"executed_lines": [205, 206, 207], "summary": {"covered_lines": 3, "num_statements": 3, "percent_covered": 100.0, "percent_covered_display": "100", "missing_lines": 0, "excluded_lines": 0, "percent_statements_covered": 100.0, "percent_statements_covered_display": "100"}, "missing_lines": [], "excluded_lines": [], "start_line": 200}, "encode_oracle_state": {"executed_lines": [], "summary": {"covered_lines": 0, "num_statements": 9, "percent_covered": 0.0, "percent_covered_display": "0", "missing_lines": 9, "excluded_lines": 0, "percent_statements_covered": 0.0, "percent_statements_covered_display": "0"}, "missing_lines": [245, 246, 248, 249, 250, 251, 252, 253, 255], "excluded_lines": [], "start_line": 238}, "encode_legal_mask": {"executed_lines": [259, 260, 261, 262], "summary": {"covered_lines": 4, "num_statements": 4, "percent_covered": 100.0, "percent_covered_display": "100", "missing_lines": 0, "excluded_lines": 0, "percent_statements_covered": 100.0, "percent_statements_covered_display": "100"}, "missing_lines": [], "excluded_lines": [], "start_line": 257}, "encode_bid_mask": {"executed_lines": [267, 268, 269, 270, 271, 272], "summary": {"covered_lines": 6, "num_statements": 6, "percent_covered": 100.0, "percent_covered_display": "100", "missing_lines": 0, "excluded_lines": 0, "percent_statements_covered": 100.0, "percent_statements_covered_display": "100"}, "missing_lines": [], "excluded_lines": [], "start_line": 265}, "encode_king_mask": {"executed_lines": [277, 278, 279, 280, 281], "summary": {"covered_lines": 5, "num_statements": 5, "percent_covered": 100.0, "percent_covered_display": "100", "missing_lines": 0, "excluded_lines": 0, "percent_statements_covered": 100.0, "percent_statements_covered_display": "100"}, "missing_lines": [], "excluded_lines": [], "start_line": 275}, "encode_talon_mask": {"executed_lines": [286, 287, 288, 289], "summary": {"covered_lines": 4, "num_statements": 4, "percent_covered": 100.0, "percent_covered_display": "100", "missing_lines": 0, "excluded_lines": 0, "percent_statements_covered": 100.0, "percent_statements_covered_display": "100"}, "missing_lines": [], "excluded_lines": [], "start_line": 284}, "card_idx_to_card": {"executed_lines": [293], "summary": {"covered_lines": 1, "num_statements": 1, "percent_covered": 100.0, "percent_covered_display": "100", "missing_lines": 0, "excluded_lines": 0, "percent_statements_covered": 100.0, "percent_statements_covered_display": "100"}, "missing_lines": [], "excluded_lines": [], "start_line": 292}, "encode_announce_mask": {"executed_lines": [311, 312, 314, 315, 318, 319, 320, 323, 324, 325, 326, 329, 331, 333, 334, 335, 337, 338, 339, 340, 343, 344, 345, 346, 348], "summary": {"covered_lines": 25, "num_statements": 25, "percent_covered": 100.0, "percent_covered_display": "100", "missing_lines": 0, "excluded_lines": 0, "percent_statements_covered": 100.0, "percent_statements_covered_display": "100"}, "missing_lines": [], "excluded_lines": [], "start_line": 296}, "": {"executed_lines": [6, 8, 10, 12, 13, 16, 19, 20, 21, 22, 23, 24, 28, 29, 30, 31, 32, 35, 36, 37, 38, 39, 40, 41, 42, 43, 44, 47, 55, 64, 65, 67, 70, 71, 74, 200, 211, 230, 231, 234, 235, 238, 257, 265, 275, 284, 292, 296], "summary": {"covered_lines": 48, "num_statements": 48, "percent_covered": 100.0, "percent_covered_display": "100", "missing_lines": 0, "excluded_lines": 0, "percent_statements_covered": 100.0, "percent_statements_covered_display": "100"}, "missing_lines": [], "excluded_lines": [], "start_line": 1}}, "classes": {"DecisionType": {"executed_lines": [], "summary": {"covered_lines": 0, "num_statements": 0, "percent_covered": 100.0, "percent_covered_display": "100", "missing_lines": 0, "excluded_lines": 0, "percent_statements_covered": 100.0, "percent_statements_covered_display": "100"}, "missing_lines": [], "excluded_lines": [], "start_line": 19}, "": {"executed_lines": [6, 8, 10, 12, 13, 16, 19, 20, 21, 22, 23, 24, 28, 29, 30, 31, 32, 35, 36, 37, 38, 39, 40, 41, 42, 43, 44, 47, 55, 64, 65, 67, 70, 71, 74, 81, 84, 85, 86, 89, 90, 91, 92, 95, 96, 97, 98, 101, 102, 103, 104, 105, 108, 109, 110, 113, 114, 115, 116, 117, 118, 121, 122, 123, 124, 126, 127, 130, 131, 132, 135, 136, 139, 140, 143, 144, 147, 148, 151, 152, 153, 154, 156, 157, 160, 161, 162, 163, 164, 165, 168, 169, 170, 171, 172, 173, 174, 175, 176, 177, 178, 181, 182, 183, 184, 187, 188, 189, 192, 194, 195, 196, 197, 200, 205, 206, 207, 211, 230, 231, 234, 235, 238, 257, 259, 260, 261, 262, 265, 267, 268, 269, 270, 271, 272, 275, 277, 278, 279, 280, 281, 284, 286, 287, 288, 289, 292, 293, 296, 311, 312, 314, 315, 318, 319, 320, 323, 324, 325, 326, 329, 331, 333, 334, 335, 337, 338, 339, 340, 343, 344, 345, 346, 348], "summary": {"covered_lines": 174, "num_statements": 183, "percent_covered": 95.08196721311475, "percent_covered_display": "95", "missing_lines": 9, "excluded_lines": 0, "percent_statements_covered": 95.08196721311475, "percent_statements_covered_display": "95"}, "missing_lines": [245, 246, 248, 249, 250, 251, 252, 253, 255], "excluded_lines": [], "start_line": 1}}}, "src/tarok/adapters/ai/evo_optimizer.py": {"executed_lines": [], "summary": {"covered_lines": 0, "num_statements": 272, "percent_covered": 0.0, "percent_covered_display": "0", "missing_lines": 272, "excluded_lines": 0, "percent_statements_covered": 0.0, "percent_statements_covered_display": "0"}, "missing_lines": [9, 11, 12, 13, 14, 15, 16, 17, 18, 20, 21, 22, 24, 25, 32, 33, 35, 36, 37, 38, 39, 40, 43, 44, 46, 47, 48, 49, 50, 51, 53, 55, 57, 59, 60, 62, 63, 85, 86, 88, 89, 90, 91, 92, 94, 95, 96, 100, 115, 116, 123, 125, 126, 127, 128, 129, 130, 131, 134, 136, 137, 138, 139, 140, 141, 142, 145, 147, 148, 149, 150, 151, 152, 154, 155, 162, 175, 177, 178, 180, 191, 207, 210, 213, 214, 215, 216, 217, 219, 220, 222, 224, 225, 232, 233, 235, 236, 237, 238, 239, 240, 241, 242, 243, 244, 245, 246, 247, 248, 251, 254, 255, 256, 257, 259, 260, 262, 268, 271, 274, 275, 276, 277, 279, 280, 281, 283, 286, 288, 289, 290, 291, 292, 294, 297, 299, 300, 301, 302, 303, 305, 306, 307, 308, 311, 317, 318, 320, 322, 323, 325, 330, 331, 332, 333, 335, 336, 337, 342, 343, 347, 351, 352, 353, 354, 356, 357, 358, 359, 360, 361, 363, 364, 365, 367, 370, 371, 372, 373, 374, 375, 376, 377, 378, 383, 384, 385, 387, 388, 390, 391, 392, 393, 394, 396, 397, 398, 399, 400, 401, 402, 405, 406, 407, 408, 410, 411, 418, 420, 421, 423, 424, 425, 426, 428, 429, 430, 431, 432, 437, 438, 439, 440, 442, 443, 445, 447, 448, 449, 450, 451, 452, 453, 455, 456, 458, 461, 462, 463, 465, 476, 477, 478, 480, 481, 483, 484, 485, 486, 487, 488, 489, 491, 494, 502, 503, 515, 516, 517, 524, 532, 533, 535, 536, 537, 538, 539, 541, 542, 544, 555, 570], "excluded_lines": [], "functions": {"EvoProgress.to_dict": {"executed_lines": [], "summary": {"covered_lines": 0, "num_statements": 1, "percent_covered": 0.0, "percent_covered_display": "0", "missing_lines": 1, "excluded_lines": 0, "percent_statements_covered": 0.0, "percent_statements_covered_display": "0"}, "missing_lines": [63], "excluded_lines": [], "start_line": 62}, "HyperparamBounds.clip": {"executed_lines": [], "summary": {"covered_lines": 0, "num_statements": 2, "percent_covered": 0.0, "percent_covered_display": "0", "missing_lines": 2, "excluded_lines": 0, "percent_statements_covered": 0.0, "percent_statements_covered_display": "0"}, "missing_lines": [95, 96], "excluded_lines": [], "start_line": 94}, "_param_index": {"executed_lines": [], "summary": {"covered_lines": 0, "num_statements": 1, "percent_covered": 0.0, "percent_covered_display": "0", "missing_lines": 1, "excluded_lines": 0, "percent_statements_covered": 0.0, "percent_statements_covered_display": "0"}, "missing_lines": [116], "excluded_lines": [], "start_line": 115}, "individual_to_hparams": {"executed_lines": [], "summary": {"covered_lines": 0, "num_statements": 7, "percent_covered": 0.0, "percent_covered_display": "0", "missing_lines": 7, "excluded_lines": 0, "percent_statements_covered": 0.0, "percent_statements_covered_display": "0"}, "missing_lines": [125, 126, 127, 128, 129, 130, 131], "excluded_lines": [], "start_line": 123}, "hparams_to_individual": {"executed_lines": [], "summary": {"covered_lines": 0, "num_statements": 7, "percent_covered": 0.0, "percent_covered_display": "0", "missing_lines": 7, "excluded_lines": 0, "percent_statements_covered": 0.0, "percent_statements_covered_display": "0"}, "missing_lines": [136, 137, 138, 139, 140, 141, 142], "excluded_lines": [], "start_line": 134}, "_random_individual": {"executed_lines": [], "summary": {"covered_lines": 0, "num_statements": 8, "percent_covered": 0.0, "percent_covered_display": "0", "missing_lines": 8, "excluded_lines": 0, "percent_statements_covered": 0.0, "percent_statements_covered_display": "0"}, "missing_lines": [147, 148, 149, 150, 151, 152, 154, 155], "excluded_lines": [], "start_line": 145}, "evaluate_individual": {"executed_lines": [], "summary": {"covered_lines": 0, "num_statements": 17, "percent_covered": 0.0, "percent_covered_display": "0", "missing_lines": 17, "excluded_lines": 0, "percent_statements_covered": 0.0, "percent_statements_covered_display": "0"}, "missing_lines": [175, 177, 178, 180, 191, 207, 210, 213, 214, 215, 216, 217, 219, 220, 222, 224, 225], "excluded_lines": [], "start_line": 162}, "_setup_deap": {"executed_lines": [], "summary": {"covered_lines": 0, "num_statements": 24, "percent_covered": 0.0, "percent_covered_display": "0", "missing_lines": 24, "excluded_lines": 0, "percent_statements_covered": 0.0, "percent_statements_covered_display": "0"}, "missing_lines": [254, 255, 256, 257, 259, 260, 262, 268, 271, 274, 275, 276, 277, 279, 280, 281, 283, 286, 288, 289, 290, 291, 292, 294], "excluded_lines": [], "start_line": 251}, "_clip_individual": {"executed_lines": [], "summary": {"covered_lines": 0, "num_statements": 9, "percent_covered": 0.0, "percent_covered_display": "0", "missing_lines": 9, "excluded_lines": 0, "percent_statements_covered": 0.0, "percent_statements_covered_display": "0"}, "missing_lines": [299, 300, 301, 302, 303, 305, 306, 307, 308], "excluded_lines": [], "start_line": 297}, "run_evolution": {"executed_lines": [], "summary": {"covered_lines": 0, "num_statements": 97, "percent_covered": 0.0, "percent_covered_display": "0", "missing_lines": 97, "excluded_lines": 0, "percent_statements_covered": 0.0, "percent_statements_covered_display": "0"}, "missing_lines": [317, 318, 320, 322, 323, 325, 330, 335, 342, 356, 357, 358, 359, 360, 361, 363, 364, 365, 367, 370, 371, 372, 373, 374, 375, 376, 377, 378, 383, 384, 385, 387, 388, 390, 391, 392, 393, 394, 396, 397, 398, 399, 400, 401, 402, 405, 406, 407, 408, 410, 411, 418, 420, 421, 423, 424, 425, 426, 428, 429, 430, 431, 432, 437, 438, 439, 440, 442, 443, 445, 447, 448, 449, 450, 451, 452, 453, 455, 456, 458, 461, 462, 463, 465, 476, 477, 478, 480, 481, 483, 484, 485, 486, 487, 488, 489, 491], "excluded_lines": [], "start_line": 311}, "run_evolution._notify": {"executed_lines": [], "summary": {"covered_lines": 0, "num_statements": 3, "percent_covered": 0.0, "percent_covered_display": "0", "missing_lines": 3, "excluded_lines": 0, "percent_statements_covered": 0.0, "percent_statements_covered_display": "0"}, "missing_lines": [331, 332, 333], "excluded_lines": [], "start_line": 330}, "run_evolution._make_ind_result": {"executed_lines": [], "summary": {"covered_lines": 0, "num_statements": 2, "percent_covered": 0.0, "percent_covered_display": "0", "missing_lines": 2, "excluded_lines": 0, "percent_statements_covered": 0.0, "percent_statements_covered_display": "0"}, "missing_lines": [336, 337], "excluded_lines": [], "start_line": 335}, "run_evolution._update_population_and_hof": {"executed_lines": [], "summary": {"covered_lines": 0, "num_statements": 6, "percent_covered": 0.0, "percent_covered_display": "0", "missing_lines": 6, "excluded_lines": 0, "percent_statements_covered": 0.0, "percent_statements_covered_display": "0"}, "missing_lines": [343, 347, 351, 352, 353, 354], "excluded_lines": [], "start_line": 342}, "_save_evo_checkpoint": {"executed_lines": [], "summary": {"covered_lines": 0, "num_statements": 5, "percent_covered": 0.0, "percent_covered_display": "0", "missing_lines": 5, "excluded_lines": 0, "percent_statements_covered": 0.0, "percent_statements_covered_display": "0"}, "missing_lines": [502, 503, 515, 516, 517], "excluded_lines": [], "start_line": 494}, "train_with_best": {"executed_lines": [], "summary": {"covered_lines": 0, "num_statements": 12, "percent_covered": 0.0, "percent_covered_display": "0", "missing_lines": 12, "excluded_lines": 0, "percent_statements_covered": 0.0, "percent_statements_covered_display": "0"}, "missing_lines": [532, 533, 535, 536, 537, 538, 539, 541, 542, 544, 555, 570], "excluded_lines": [], "start_line": 524}, "": {"executed_lines": [], "summary": {"covered_lines": 0, "num_statements": 71, "percent_covered": 0.0, "percent_covered_display": "0", "missing_lines": 71, "excluded_lines": 0, "percent_statements_covered": 0.0, "percent_statements_covered_display": "0"}, "missing_lines": [9, 11, 12, 13, 14, 15, 16, 17, 18, 20, 21, 22, 24, 25, 32, 33, 35, 36, 37, 38, 39, 40, 43, 44, 46, 47, 48, 49, 50, 51, 53, 55, 57, 59, 60, 62, 85, 86, 88, 89, 90, 91, 92, 94, 100, 115, 123, 134, 145, 162, 232, 233, 235, 236, 237, 238, 239, 240, 241, 242, 243, 244, 245, 246, 247, 248, 251, 297, 311, 494, 524], "excluded_lines": [], "start_line": 1}}, "classes": {"IndividualResult": {"executed_lines": [], "summary": {"covered_lines": 0, "num_statements": 0, "percent_covered": 100.0, "percent_covered_display": "100", "missing_lines": 0, "excluded_lines": 0, "percent_statements_covered": 100.0, "percent_statements_covered_display": "100"}, "missing_lines": [], "excluded_lines": [], "start_line": 33}, "EvoProgress": {"executed_lines": [], "summary": {"covered_lines": 0, "num_statements": 1, "percent_covered": 0.0, "percent_covered_display": "0", "missing_lines": 1, "excluded_lines": 0, "percent_statements_covered": 0.0, "percent_statements_covered_display": "0"}, "missing_lines": [63], "excluded_lines": [], "start_line": 44}, "HyperparamBounds": {"executed_lines": [], "summary": {"covered_lines": 0, "num_statements": 2, "percent_covered": 0.0, "percent_covered_display": "0", "missing_lines": 2, "excluded_lines": 0, "percent_statements_covered": 0.0, "percent_statements_covered_display": "0"}, "missing_lines": [95, 96], "excluded_lines": [], "start_line": 86}, "EvoConfig": {"executed_lines": [], "summary": {"covered_lines": 0, "num_statements": 0, "percent_covered": 100.0, "percent_covered_display": "100", "missing_lines": 0, "excluded_lines": 0, "percent_statements_covered": 100.0, "percent_statements_covered_display": "100"}, "missing_lines": [], "excluded_lines": [], "start_line": 233}, "": {"executed_lines": [], "summary": {"covered_lines": 0, "num_statements": 269, "percent_covered": 0.0, "percent_covered_display": "0", "missing_lines": 269, "excluded_lines": 0, "percent_statements_covered": 0.0, "percent_statements_covered_display": "0"}, "missing_lines": [9, 11, 12, 13, 14, 15, 16, 17, 18, 20, 21, 22, 24, 25, 32, 33, 35, 36, 37, 38, 39, 40, 43, 44, 46, 47, 48, 49, 50, 51, 53, 55, 57, 59, 60, 62, 85, 86, 88, 89, 90, 91, 92, 94, 100, 115, 116, 123, 125, 126, 127, 128, 129, 130, 131, 134, 136, 137, 138, 139, 140, 141, 142, 145, 147, 148, 149, 150, 151, 152, 154, 155, 162, 175, 177, 178, 180, 191, 207, 210, 213, 214, 215, 216, 217, 219, 220, 222, 224, 225, 232, 233, 235, 236, 237, 238, 239, 240, 241, 242, 243, 244, 245, 246, 247, 248, 251, 254, 255, 256, 257, 259, 260, 262, 268, 271, 274, 275, 276, 277, 279, 280, 281, 283, 286, 288, 289, 290, 291, 292, 294, 297, 299, 300, 301, 302, 303, 305, 306, 307, 308, 311, 317, 318, 320, 322, 323, 325, 330, 331, 332, 333, 335, 336, 337, 342, 343, 347, 351, 352, 353, 354, 356, 357, 358, 359, 360, 361, 363, 364, 365, 367, 370, 371, 372, 373, 374, 375, 376, 377, 378, 383, 384, 385, 387, 388, 390, 391, 392, 393, 394, 396, 397, 398, 399, 400, 401, 402, 405, 406, 407, 408, 410, 411, 418, 420, 421, 423, 424, 425, 426, 428, 429, 430, 431, 432, 437, 438, 439, 440, 442, 443, 445, 447, 448, 449, 450, 451, 452, 453, 455, 456, 458, 461, 462, 463, 465, 476, 477, 478, 480, 481, 483, 484, 485, 486, 487, 488, 489, 491, 494, 502, 503, 515, 516, 517, 524, 532, 533, 535, 536, 537, 538, 539, 541, 542, 544, 555, 570], "excluded_lines": [], "start_line": 1}}}, "src/tarok/adapters/ai/network.py": {"executed_lines": [15, 17, 18, 20, 32, 39, 40, 41, 44, 51, 54, 59, 64, 69, 74, 81, 90, 96, 104, 110, 111, 114, 117, 119, 120, 122, 130, 132, 133, 135, 136, 137, 139, 141, 150, 151, 152, 154, 155, 157, 158, 160], "summary": {"covered_lines": 42, "num_statements": 44, "percent_covered": 95.45454545454545, "percent_covered_display": "95", "missing_lines": 2, "excluded_lines": 0, "percent_statements_covered": 95.45454545454545, "percent_statements_covered_display": "95"}, "missing_lines": [82, 115], "excluded_lines": [], "functions": {"TarokNet.__init__": {"executed_lines": [40, 41, 44, 51, 54, 59, 64, 69, 74, 81, 90, 96], "summary": {"covered_lines": 12, "num_statements": 13, "percent_covered": 92.3076923076923, "percent_covered_display": "92", "missing_lines": 1, "excluded_lines": 0, "percent_statements_covered": 92.3076923076923, "percent_statements_covered_display": "92"}, "missing_lines": [82], "excluded_lines": [], "start_line": 39}, "TarokNet.forward": {"executed_lines": [110, 111, 114, 117, 119, 120], "summary": {"covered_lines": 6, "num_statements": 7, "percent_covered": 85.71428571428571, "percent_covered_display": "86", "missing_lines": 1, "excluded_lines": 0, "percent_statements_covered": 85.71428571428571, "percent_statements_covered_display": "86"}, "missing_lines": [115], "excluded_lines": [], "start_line": 104}, "TarokNet.get_action": {"executed_lines": [130, 132, 133, 135, 136, 137, 139], "summary": {"covered_lines": 7, "num_statements": 7, "percent_covered": 100.0, "percent_covered_display": "100", "missing_lines": 0, "excluded_lines": 0, "percent_statements_covered": 100.0, "percent_statements_covered_display": "100"}, "missing_lines": [], "excluded_lines": [], "start_line": 122}, "TarokNet.evaluate_action": {"executed_lines": [150, 151, 152, 154, 155, 157, 158, 160], "summary": {"covered_lines": 8, "num_statements": 8, "percent_covered": 100.0, "percent_covered_display": "100", "missing_lines": 0, "excluded_lines": 0, "percent_statements_covered": 100.0, "percent_statements_covered_display": "100"}, "missing_lines": [], "excluded_lines": [], "start_line": 141}, "": {"executed_lines": [15, 17, 18, 20, 32, 39, 104, 122, 141], "summary": {"covered_lines": 9, "num_statements": 9, "percent_covered": 100.0, "percent_covered_display": "100", "missing_lines": 0, "excluded_lines": 0, "percent_statements_covered": 100.0, "percent_statements_covered_display": "100"}, "missing_lines": [], "excluded_lines": [], "start_line": 1}}, "classes": {"TarokNet": {"executed_lines": [40, 41, 44, 51, 54, 59, 64, 69, 74, 81, 90, 96, 110, 111, 114, 117, 119, 120, 130, 132, 133, 135, 136, 137, 139, 150, 151, 152, 154, 155, 157, 158, 160], "summary": {"covered_lines": 33, "num_statements": 35, "percent_covered": 94.28571428571429, "percent_covered_display": "94", "missing_lines": 2, "excluded_lines": 0, "percent_statements_covered": 94.28571428571429, "percent_statements_covered_display": "94"}, "missing_lines": [82, 115], "excluded_lines": [], "start_line": 32}, "": {"executed_lines": [15, 17, 18, 20, 32, 39, 104, 122, 141], "summary": {"covered_lines": 9, "num_statements": 9, "percent_covered": 100.0, "percent_covered_display": "100", "missing_lines": 0, "excluded_lines": 0, "percent_statements_covered": 100.0, "percent_statements_covered_display": "100"}, "missing_lines": [], "excluded_lines": [], "start_line": 1}}}, "src/tarok/adapters/ai/network_bank.py": {"executed_lines": [9, 11, 12, 13, 15, 18, 21, 22, 23, 25, 29, 35, 36, 39, 40, 42], "summary": {"covered_lines": 16, "num_statements": 21, "percent_covered": 76.19047619047619, "percent_covered_display": "76", "missing_lines": 5, "excluded_lines": 0, "percent_statements_covered": 76.19047619047619, "percent_statements_covered_display": "76"}, "missing_lines": [27, 31, 32, 33, 37], "excluded_lines": [], "functions": {"NetworkBank.__init__": {"executed_lines": [22, 23], "summary": {"covered_lines": 2, "num_statements": 2, "percent_covered": 100.0, "percent_covered_display": "100", "missing_lines": 0, "excluded_lines": 0, "percent_statements_covered": 100.0, "percent_statements_covered_display": "100"}, "missing_lines": [], "excluded_lines": [], "start_line": 21}, "NetworkBank.push": {"executed_lines": [], "summary": {"covered_lines": 0, "num_statements": 1, "percent_covered": 0.0, "percent_covered_display": "0", "missing_lines": 1, "excluded_lines": 0, "percent_statements_covered": 0.0, "percent_statements_covered_display": "0"}, "missing_lines": [27], "excluded_lines": [], "start_line": 25}, "NetworkBank.sample": {"executed_lines": [], "summary": {"covered_lines": 0, "num_statements": 3, "percent_covered": 0.0, "percent_covered_display": "0", "missing_lines": 3, "excluded_lines": 0, "percent_statements_covered": 0.0, "percent_statements_covered_display": "0"}, "missing_lines": [31, 32, 33], "excluded_lines": [], "start_line": 29}, "NetworkBank.size": {"executed_lines": [], "summary": {"covered_lines": 0, "num_statements": 1, "percent_covered": 0.0, "percent_covered_display": "0", "missing_lines": 1, "excluded_lines": 0, "percent_statements_covered": 0.0, "percent_statements_covered_display": "0"}, "missing_lines": [37], "excluded_lines": [], "start_line": 36}, "NetworkBank.is_ready": {"executed_lines": [42], "summary": {"covered_lines": 1, "num_statements": 1, "percent_covered": 100.0, "percent_covered_display": "100", "missing_lines": 0, "excluded_lines": 0, "percent_statements_covered": 100.0, "percent_statements_covered_display": "100"}, "missing_lines": [], "excluded_lines": [], "start_line": 40}, "": {"executed_lines": [9, 11, 12, 13, 15, 18, 21, 25, 29, 35, 36, 39, 40], "summary": {"covered_lines": 13, "num_statements": 13, "percent_covered": 100.0, "percent_covered_display": "100", "missing_lines": 0, "excluded_lines": 0, "percent_statements_covered": 100.0, "percent_statements_covered_display": "100"}, "missing_lines": [], "excluded_lines": [], "start_line": 1}}, "classes": {"NetworkBank": {"executed_lines": [22, 23, 42], "summary": {"covered_lines": 3, "num_statements": 8, "percent_covered": 37.5, "percent_covered_display": "38", "missing_lines": 5, "excluded_lines": 0, "percent_statements_covered": 37.5, "percent_statements_covered_display": "38"}, "missing_lines": [27, 31, 32, 33, 37], "excluded_lines": [], "start_line": 18}, "": {"executed_lines": [9, 11, 12, 13, 15, 18, 21, 25, 29, 35, 36, 39, 40], "summary": {"covered_lines": 13, "num_statements": 13, "percent_covered": 100.0, "percent_covered_display": "100", "missing_lines": 0, "excluded_lines": 0, "percent_statements_covered": 100.0, "percent_statements_covered_display": "100"}, "missing_lines": [], "excluded_lines": [], "start_line": 1}}}, "src/tarok/adapters/ai/random_agent.py": {"executed_lines": [3, 5, 7, 8, 11, 12, 13, 14, 16, 17, 20, 24, 25, 26, 28, 31, 33, 36, 38, 41, 43, 47, 50, 51, 53, 58, 61], "summary": {"covered_lines": 27, "num_statements": 30, "percent_covered": 90.0, "percent_covered_display": "90", "missing_lines": 3, "excluded_lines": 0, "percent_statements_covered": 90.0, "percent_statements_covered_display": "90"}, "missing_lines": [18, 49, 56], "excluded_lines": [], "functions": {"RandomPlayer.__init__": {"executed_lines": [13, 14], "summary": {"covered_lines": 2, "num_statements": 2, "percent_covered": 100.0, "percent_covered_display": "100", "missing_lines": 0, "excluded_lines": 0, "percent_statements_covered": 100.0, "percent_statements_covered_display": "100"}, "missing_lines": [], "excluded_lines": [], "start_line": 12}, "RandomPlayer.name": {"executed_lines": [], "summary": {"covered_lines": 0, "num_statements": 1, "percent_covered": 0.0, "percent_covered_display": "0", "missing_lines": 1, "excluded_lines": 0, "percent_statements_covered": 0.0, "percent_statements_covered_display": "0"}, "missing_lines": [18], "excluded_lines": [], "start_line": 17}, "RandomPlayer.choose_bid": {"executed_lines": [24, 25, 26], "summary": {"covered_lines": 3, "num_statements": 3, "percent_covered": 100.0, "percent_covered_display": "100", "missing_lines": 0, "excluded_lines": 0, "percent_statements_covered": 100.0, "percent_statements_covered_display": "100"}, "missing_lines": [], "excluded_lines": [], "start_line": 20}, "RandomPlayer.choose_king": {"executed_lines": [31], "summary": {"covered_lines": 1, "num_statements": 1, "percent_covered": 100.0, "percent_covered_display": "100", "missing_lines": 0, "excluded_lines": 0, "percent_statements_covered": 100.0, "percent_statements_covered_display": "100"}, "missing_lines": [], "excluded_lines": [], "start_line": 28}, "RandomPlayer.choose_talon_group": {"executed_lines": [36], "summary": {"covered_lines": 1, "num_statements": 1, "percent_covered": 100.0, "percent_covered_display": "100", "missing_lines": 0, "excluded_lines": 0, "percent_statements_covered": 100.0, "percent_statements_covered_display": "100"}, "missing_lines": [], "excluded_lines": [], "start_line": 33}, "RandomPlayer.choose_discard": {"executed_lines": [41, 43, 47, 50, 51], "summary": {"covered_lines": 5, "num_statements": 6, "percent_covered": 83.33333333333333, "percent_covered_display": "83", "missing_lines": 1, "excluded_lines": 0, "percent_statements_covered": 83.33333333333333, "percent_statements_covered_display": "83"}, "missing_lines": [49], "excluded_lines": [], "start_line": 38}, "RandomPlayer.choose_announcements": {"executed_lines": [], "summary": {"covered_lines": 0, "num_statements": 1, "percent_covered": 0.0, "percent_covered_display": "0", "missing_lines": 1, "excluded_lines": 0, "percent_statements_covered": 0.0, "percent_statements_covered_display": "0"}, "missing_lines": [56], "excluded_lines": [], "start_line": 53}, "RandomPlayer.choose_card": {"executed_lines": [61], "summary": {"covered_lines": 1, "num_statements": 1, "percent_covered": 100.0, "percent_covered_display": "100", "missing_lines": 0, "excluded_lines": 0, "percent_statements_covered": 100.0, "percent_statements_covered_display": "100"}, "missing_lines": [], "excluded_lines": [], "start_line": 58}, "": {"executed_lines": [3, 5, 7, 8, 11, 12, 16, 17, 20, 28, 33, 38, 53, 58], "summary": {"covered_lines": 14, "num_statements": 14, "percent_covered": 100.0, "percent_covered_display": "100", "missing_lines": 0, "excluded_lines": 0, "percent_statements_covered": 100.0, "percent_statements_covered_display": "100"}, "missing_lines": [], "excluded_lines": [], "start_line": 1}}, "classes": {"RandomPlayer": {"executed_lines": [13, 14, 24, 25, 26, 31, 36, 41, 43, 47, 50, 51, 61], "summary": {"covered_lines": 13, "num_statements": 16, "percent_covered": 81.25, "percent_covered_display": "81", "missing_lines": 3, "excluded_lines": 0, "percent_statements_covered": 81.25, "percent_statements_covered_display": "81"}, "missing_lines": [18, 49, 56], "excluded_lines": [], "start_line": 11}, "": {"executed_lines": [3, 5, 7, 8, 11, 12, 16, 17, 20, 28, 33, 38, 53, 58], "summary": {"covered_lines": 14, "num_statements": 14, "percent_covered": 100.0, "percent_covered_display": "100", "missing_lines": 0, "excluded_lines": 0, "percent_statements_covered": 100.0, "percent_statements_covered_display": "100"}, "missing_lines": [], "excluded_lines": [], "start_line": 1}}}, "src/tarok/adapters/ai/rust_game_loop.py": {"executed_lines": [8, 10, 11, 13, 18, 19, 20, 21, 23, 39, 40, 47, 51, 53, 54, 57, 60, 73, 76, 77, 80, 83, 84, 85, 86, 87, 88, 89, 90, 91, 92, 93, 94, 97, 105, 117, 224, 318, 369, 431, 434, 437, 440, 444], "summary": {"covered_lines": 44, "num_statements": 246, "percent_covered": 17.88617886178862, "percent_covered_display": "18", "missing_lines": 202, "excluded_lines": 2, "percent_statements_covered": 17.88617886178862, "percent_statements_covered_display": "18"}, "missing_lines": [111, 112, 113, 114, 115, 119, 120, 124, 126, 127, 130, 132, 134, 136, 139, 140, 141, 142, 145, 146, 149, 150, 151, 154, 155, 158, 161, 162, 163, 164, 166, 167, 168, 171, 174, 178, 179, 180, 185, 190, 195, 196, 197, 199, 202, 203, 206, 207, 208, 211, 216, 218, 226, 227, 228, 229, 231, 232, 233, 234, 235, 236, 239, 244, 245, 246, 247, 248, 249, 250, 251, 253, 254, 255, 260, 264, 269, 270, 272, 273, 275, 277, 278, 279, 281, 282, 283, 286, 287, 288, 289, 292, 293, 294, 295, 296, 297, 298, 300, 301, 302, 303, 304, 306, 308, 311, 312, 313, 314, 315, 316, 320, 321, 322, 325, 327, 330, 332, 333, 334, 339, 343, 348, 349, 350, 351, 352, 353, 354, 355, 356, 358, 361, 362, 363, 364, 365, 366, 367, 372, 373, 374, 375, 376, 377, 380, 383, 386, 388, 389, 390, 395, 399, 402, 403, 406, 407, 408, 409, 412, 413, 414, 418, 419, 422, 423, 424, 425, 427, 428, 432, 435, 438, 441, 452, 453, 454, 455, 456, 457, 458, 459, 460, 461, 462, 463, 464, 465, 466, 467, 468, 469, 470, 474, 475, 476, 477, 483, 484, 485, 486, 488], "excluded_lines": [15, 16], "functions": {"_NullObserver.on_game_start": {"executed_lines": [84], "summary": {"covered_lines": 1, "num_statements": 1, "percent_covered": 100.0, "percent_covered_display": "100", "missing_lines": 0, "excluded_lines": 0, "percent_statements_covered": 100.0, "percent_statements_covered_display": "100"}, "missing_lines": [], "excluded_lines": [], "start_line": 84}, "_NullObserver.on_deal": {"executed_lines": [85], "summary": {"covered_lines": 1, "num_statements": 1, "percent_covered": 100.0, "percent_covered_display": "100", "missing_lines": 0, "excluded_lines": 0, "percent_statements_covered": 100.0, "percent_statements_covered_display": "100"}, "missing_lines": [], "excluded_lines": [], "start_line": 85}, "_NullObserver.on_bid": {"executed_lines": [86], "summary": {"covered_lines": 1, "num_statements": 1, "percent_covered": 100.0, "percent_covered_display": "100", "missing_lines": 0, "excluded_lines": 0, "percent_statements_covered": 100.0, "percent_statements_covered_display": "100"}, "missing_lines": [], "excluded_lines": [], "start_line": 86}, "_NullObserver.on_contract_won": {"executed_lines": [87], "summary": {"covered_lines": 1, "num_statements": 1, "percent_covered": 100.0, "percent_covered_display": "100", "missing_lines": 0, "excluded_lines": 0, "percent_statements_covered": 100.0, "percent_statements_covered_display": "100"}, "missing_lines": [], "excluded_lines": [], "start_line": 87}, "_NullObserver.on_king_called": {"executed_lines": [88], "summary": {"covered_lines": 1, "num_statements": 1, "percent_covered": 100.0, "percent_covered_display": "100", "missing_lines": 0, "excluded_lines": 0, "percent_statements_covered": 100.0, "percent_statements_covered_display": "100"}, "missing_lines": [], "excluded_lines": [], "start_line": 88}, "_NullObserver.on_talon_revealed": {"executed_lines": [89], "summary": {"covered_lines": 1, "num_statements": 1, "percent_covered": 100.0, "percent_covered_display": "100", "missing_lines": 0, "excluded_lines": 0, "percent_statements_covered": 100.0, "percent_statements_covered_display": "100"}, "missing_lines": [], "excluded_lines": [], "start_line": 89}, "_NullObserver.on_talon_exchanged": {"executed_lines": [90], "summary": {"covered_lines": 1, "num_statements": 1, "percent_covered": 100.0, "percent_covered_display": "100", "missing_lines": 0, "excluded_lines": 0, "percent_statements_covered": 100.0, "percent_statements_covered_display": "100"}, "missing_lines": [], "excluded_lines": [], "start_line": 90}, "_NullObserver.on_card_played": {"executed_lines": [91], "summary": {"covered_lines": 1, "num_statements": 1, "percent_covered": 100.0, "percent_covered_display": "100", "missing_lines": 0, "excluded_lines": 0, "percent_statements_covered": 100.0, "percent_statements_covered_display": "100"}, "missing_lines": [], "excluded_lines": [], "start_line": 91}, "_NullObserver.on_rule_verified": {"executed_lines": [92], "summary": {"covered_lines": 1, "num_statements": 1, "percent_covered": 100.0, "percent_covered_display": "100", "missing_lines": 0, "excluded_lines": 0, "percent_statements_covered": 100.0, "percent_statements_covered_display": "100"}, "missing_lines": [], "excluded_lines": [], "start_line": 92}, "_NullObserver.on_trick_won": {"executed_lines": [93], "summary": {"covered_lines": 1, "num_statements": 1, "percent_covered": 100.0, "percent_covered_display": "100", "missing_lines": 0, "excluded_lines": 0, "percent_statements_covered": 100.0, "percent_statements_covered_display": "100"}, "missing_lines": [], "excluded_lines": [], "start_line": 93}, "_NullObserver.on_game_end": {"executed_lines": [94], "summary": {"covered_lines": 1, "num_statements": 1, "percent_covered": 100.0, "percent_covered_display": "100", "missing_lines": 0, "excluded_lines": 0, "percent_statements_covered": 100.0, "percent_statements_covered_display": "100"}, "missing_lines": [], "excluded_lines": [], "start_line": 94}, "RustGameLoop.__init__": {"executed_lines": [], "summary": {"covered_lines": 0, "num_statements": 5, "percent_covered": 0.0, "percent_covered_display": "0", "missing_lines": 5, "excluded_lines": 0, "percent_statements_covered": 0.0, "percent_statements_covered_display": "0"}, "missing_lines": [111, 112, 113, 114, 115], "excluded_lines": [], "start_line": 105}, "RustGameLoop.run": {"executed_lines": [], "summary": {"covered_lines": 0, "num_statements": 47, "percent_covered": 0.0, "percent_covered_display": "0", "missing_lines": 47, "excluded_lines": 0, "percent_statements_covered": 0.0, "percent_statements_covered_display": "0"}, "missing_lines": [119, 120, 124, 126, 127, 130, 132, 134, 136, 139, 140, 141, 142, 145, 146, 149, 150, 151, 154, 155, 158, 161, 162, 163, 164, 166, 167, 168, 171, 174, 178, 179, 180, 185, 190, 195, 196, 197, 199, 202, 203, 206, 207, 208, 211, 216, 218], "excluded_lines": [], "start_line": 117}, "RustGameLoop._run_bidding": {"executed_lines": [], "summary": {"covered_lines": 0, "num_statements": 59, "percent_covered": 0.0, "percent_covered_display": "0", "missing_lines": 59, "excluded_lines": 0, "percent_statements_covered": 0.0, "percent_statements_covered_display": "0"}, "missing_lines": [226, 227, 228, 229, 231, 232, 233, 234, 235, 236, 239, 244, 245, 246, 247, 248, 249, 250, 251, 253, 254, 255, 260, 264, 269, 270, 272, 273, 275, 277, 278, 279, 281, 282, 283, 286, 287, 288, 289, 292, 293, 294, 295, 296, 297, 298, 300, 301, 302, 303, 304, 306, 308, 311, 312, 313, 314, 315, 316], "excluded_lines": [], "start_line": 224}, "RustGameLoop._run_king_call": {"executed_lines": [], "summary": {"covered_lines": 0, "num_statements": 28, "percent_covered": 0.0, "percent_covered_display": "0", "missing_lines": 28, "excluded_lines": 0, "percent_statements_covered": 0.0, "percent_statements_covered_display": "0"}, "missing_lines": [320, 321, 322, 325, 327, 330, 332, 333, 334, 339, 343, 348, 349, 350, 351, 352, 353, 354, 355, 356, 358, 361, 362, 363, 364, 365, 366, 367], "excluded_lines": [], "start_line": 318}, "RustGameLoop._run_talon_exchange": {"executed_lines": [], "summary": {"covered_lines": 0, "num_statements": 31, "percent_covered": 0.0, "percent_covered_display": "0", "missing_lines": 31, "excluded_lines": 0, "percent_statements_covered": 0.0, "percent_statements_covered_display": "0"}, "missing_lines": [372, 373, 374, 375, 376, 377, 380, 383, 386, 388, 389, 390, 395, 399, 402, 403, 406, 407, 408, 409, 412, 413, 414, 418, 419, 422, 423, 424, 425, 427, 428], "excluded_lines": [], "start_line": 369}, "_is_klop": {"executed_lines": [], "summary": {"covered_lines": 0, "num_statements": 1, "percent_covered": 0.0, "percent_covered_display": "0", "missing_lines": 1, "excluded_lines": 0, "percent_statements_covered": 0.0, "percent_statements_covered_display": "0"}, "missing_lines": [432], "excluded_lines": [], "start_line": 431}, "_is_solo": {"executed_lines": [], "summary": {"covered_lines": 0, "num_statements": 1, "percent_covered": 0.0, "percent_covered_display": "0", "missing_lines": 1, "excluded_lines": 0, "percent_statements_covered": 0.0, "percent_statements_covered_display": "0"}, "missing_lines": [435], "excluded_lines": [], "start_line": 434}, "_is_berac": {"executed_lines": [], "summary": {"covered_lines": 0, "num_statements": 1, "percent_covered": 0.0, "percent_covered_display": "0", "missing_lines": 1, "excluded_lines": 0, "percent_statements_covered": 0.0, "percent_statements_covered_display": "0"}, "missing_lines": [438], "excluded_lines": [], "start_line": 437}, "_talon_cards": {"executed_lines": [], "summary": {"covered_lines": 0, "num_statements": 1, "percent_covered": 0.0, "percent_covered_display": "0", "missing_lines": 1, "excluded_lines": 0, "percent_statements_covered": 0.0, "percent_statements_covered_display": "0"}, "missing_lines": [441], "excluded_lines": [], "start_line": 440}, "_build_py_state_stub": {"executed_lines": [], "summary": {"covered_lines": 0, "num_statements": 26, "percent_covered": 0.0, "percent_covered_display": "0", "missing_lines": 26, "excluded_lines": 0, "percent_statements_covered": 0.0, "percent_statements_covered_display": "0"}, "missing_lines": [452, 453, 454, 455, 456, 457, 458, 459, 460, 461, 462, 463, 464, 465, 466, 467, 468, 469, 470, 474, 475, 483, 484, 485, 486, 488], "excluded_lines": [], "start_line": 444}, "_build_py_state_stub._FakeBid.__init__": {"executed_lines": [], "summary": {"covered_lines": 0, "num_statements": 2, "percent_covered": 0.0, "percent_covered_display": "0", "missing_lines": 2, "excluded_lines": 0, "percent_statements_covered": 0.0, "percent_statements_covered_display": "0"}, "missing_lines": [476, 477], "excluded_lines": [], "start_line": 475}, "": {"executed_lines": [8, 10, 11, 13, 18, 19, 20, 21, 23, 39, 40, 47, 51, 53, 54, 57, 60, 73, 76, 77, 80, 83, 97, 105, 117, 224, 318, 369, 431, 434, 437, 440, 444], "summary": {"covered_lines": 33, "num_statements": 33, "percent_covered": 100.0, "percent_covered_display": "100", "missing_lines": 0, "excluded_lines": 2, "percent_statements_covered": 100.0, "percent_statements_covered_display": "100"}, "missing_lines": [], "excluded_lines": [15, 16], "start_line": 1}}, "classes": {"_NullObserver": {"executed_lines": [84, 85, 86, 87, 88, 89, 90, 91, 92, 93, 94], "summary": {"covered_lines": 11, "num_statements": 11, "percent_covered": 100.0, "percent_covered_display": "100", "missing_lines": 0, "excluded_lines": 0, "percent_statements_covered": 100.0, "percent_statements_covered_display": "100"}, "missing_lines": [], "excluded_lines": [], "start_line": 83}, "RustGameLoop": {"executed_lines": [], "summary": {"covered_lines": 0, "num_statements": 170, "percent_covered": 0.0, "percent_covered_display": "0", "missing_lines": 170, "excluded_lines": 0, "percent_statements_covered": 0.0, "percent_statements_covered_display": "0"}, "missing_lines": [111, 112, 113, 114, 115, 119, 120, 124, 126, 127, 130, 132, 134, 136, 139, 140, 141, 142, 145, 146, 149, 150, 151, 154, 155, 158, 161, 162, 163, 164, 166, 167, 168, 171, 174, 178, 179, 180, 185, 190, 195, 196, 197, 199, 202, 203, 206, 207, 208, 211, 216, 218, 226, 227, 228, 229, 231, 232, 233, 234, 235, 236, 239, 244, 245, 246, 247, 248, 249, 250, 251, 253, 254, 255, 260, 264, 269, 270, 272, 273, 275, 277, 278, 279, 281, 282, 283, 286, 287, 288, 289, 292, 293, 294, 295, 296, 297, 298, 300, 301, 302, 303, 304, 306, 308, 311, 312, 313, 314, 315, 316, 320, 321, 322, 325, 327, 330, 332, 333, 334, 339, 343, 348, 349, 350, 351, 352, 353, 354, 355, 356, 358, 361, 362, 363, 364, 365, 366, 367, 372, 373, 374, 375, 376, 377, 380, 383, 386, 388, 389, 390, 395, 399, 402, 403, 406, 407, 408, 409, 412, 413, 414, 418, 419, 422, 423, 424, 425, 427, 428], "excluded_lines": [], "start_line": 97}, "_build_py_state_stub._FakeBid": {"executed_lines": [], "summary": {"covered_lines": 0, "num_statements": 2, "percent_covered": 0.0, "percent_covered_display": "0", "missing_lines": 2, "excluded_lines": 0, "percent_statements_covered": 0.0, "percent_statements_covered_display": "0"}, "missing_lines": [476, 477], "excluded_lines": [], "start_line": 474}, "": {"executed_lines": [8, 10, 11, 13, 18, 19, 20, 21, 23, 39, 40, 47, 51, 53, 54, 57, 60, 73, 76, 77, 80, 83, 97, 105, 117, 224, 318, 369, 431, 434, 437, 440, 444], "summary": {"covered_lines": 33, "num_statements": 63, "percent_covered": 52.38095238095238, "percent_covered_display": "52", "missing_lines": 30, "excluded_lines": 2, "percent_statements_covered": 52.38095238095238, "percent_statements_covered_display": "52"}, "missing_lines": [432, 435, 438, 441, 452, 453, 454, 455, 456, 457, 458, 459, 460, 461, 462, 463, 464, 465, 466, 467, 468, 469, 470, 474, 475, 483, 484, 485, 486, 488], "excluded_lines": [15, 16], "start_line": 1}}}, "src/tarok/adapters/ai/stockskis_player.py": {"executed_lines": [11, 13, 14, 16, 25, 41, 47, 48, 49, 50, 51, 54, 56, 57, 58, 59, 71, 79, 80, 81, 82, 84, 85, 86, 87, 88, 89, 90, 94, 95, 97, 100, 101, 104, 105, 106, 107, 108, 109, 110, 112, 123, 124, 125, 126, 127, 128, 130, 131, 133, 136, 137, 138, 140, 143, 146, 149, 152, 155, 156, 157, 158, 165, 179, 186, 194, 195, 198, 199, 200, 201, 202, 205, 206, 207, 208, 209, 211, 212, 215, 250, 252, 254, 255, 257, 258, 260, 261, 264, 265, 267, 268, 269, 272, 275, 278, 279, 282, 283, 286, 287, 288, 289, 290, 291, 294, 295, 297, 303, 309, 310, 312, 314, 316, 317, 319, 322, 323, 326, 327, 330, 332, 335, 338, 339, 340, 341, 342, 345, 346, 347, 350, 351, 352, 353, 356, 358, 360, 367, 373, 374, 375, 377, 378, 380, 382, 389, 396, 402, 414, 416, 418, 419, 420, 422, 423, 430, 436, 437, 438, 440, 441, 442, 443, 444, 447, 450, 451, 452, 453, 454, 457, 466, 474, 481, 500, 506, 507, 508, 510, 512, 513, 516, 520, 522, 524, 532, 538, 539, 541, 545, 547, 549, 550, 551, 554, 556, 573, 579, 580, 581, 582, 583, 584, 585, 586, 587, 589, 595, 596, 598, 606, 611, 612, 614, 620, 621, 623, 624, 629, 630, 631, 633, 634, 635, 636, 639, 640], "summary": {"covered_lines": 228, "num_statements": 276, "percent_covered": 82.6086956521739, "percent_covered_display": "83", "missing_lines": 48, "excluded_lines": 0, "percent_statements_covered": 82.6086956521739, "percent_statements_covered_display": "83"}, "missing_lines": [98, 141, 144, 216, 218, 219, 221, 222, 225, 226, 229, 230, 231, 233, 234, 235, 236, 237, 239, 241, 244, 246, 247, 280, 354, 381, 404, 410, 458, 462, 463, 467, 471, 472, 514, 518, 526, 542, 562, 564, 565, 566, 567, 568, 569, 570, 571, 604], "excluded_lines": [], "functions": {"_worth_over": {"executed_lines": [47, 48, 49, 50, 51], "summary": {"covered_lines": 5, "num_statements": 5, "percent_covered": 100.0, "percent_covered_display": "100", "missing_lines": 0, "excluded_lines": 0, "percent_statements_covered": 100.0, "percent_statements_covered_display": "100"}, "missing_lines": [], "excluded_lines": [], "start_line": 41}, "_card_suit_key": {"executed_lines": [56, 57, 58, 59], "summary": {"covered_lines": 4, "num_statements": 4, "percent_covered": 100.0, "percent_covered_display": "100", "missing_lines": 0, "excluded_lines": 0, "percent_statement
[...]
: {"covered_lines": 2, "num_statements": 2, "percent_covered": 100.0, "percent_covered_display": "100", "missing_lines": 0, "excluded_lines": 0, "percent_statements_covered": 100.0, "percent_statements_covered_display": "100"}, "missing_lines": [], "excluded_lines": [], "start_line": 1}}, "classes": {"": {"executed_lines": [1, 3], "summary": {"covered_lines": 2, "num_statements": 2, "percent_covered": 100.0, "percent_covered_display": "100", "missing_lines": 0, "excluded_lines": 0, "percent_statements_covered": 100.0, "percent_statements_covered_display": "100"}, "missing_lines": [], "excluded_lines": [], "start_line": 1}}}, "src/tarok/use_cases/bid.py": {"executed_lines": [3, 5, 8, 10, 11, 13, 16, 17, 19, 20, 22, 25, 27, 28, 29, 30, 31, 32, 36, 38, 39, 42, 46, 47, 50, 51, 53, 56, 58, 60, 62, 63, 65, 66, 67, 68, 71, 72, 73, 74, 77, 79, 81, 82, 83, 84, 85, 86, 88, 89, 90, 91, 92, 94, 96], "summary": {"covered_lines": 55, "num_statements": 57, "percent_covered": 96.49122807017544, "percent_covered_display": "96", "missing_lines": 2, "excluded_lines": 0, "percent_statements_covered": 96.49122807017544, "percent_statements_covered_display": "96"}, "missing_lines": [33, 43], "excluded_lines": [], "functions": {"place_bid": {"executed_lines": [10, 11, 13, 16, 17, 19, 20, 22], "summary": {"covered_lines": 8, "num_statements": 8, "percent_covered": 100.0, "percent_covered_display": "100", "missing_lines": 0, "excluded_lines": 0, "percent_statements_covered": 100.0, "percent_statements_covered_display": "100"}, "missing_lines": [], "excluded_lines": [], "start_line": 8}, "_next_bidder": {"executed_lines": [27, 28, 29, 30, 31, 32], "summary": {"covered_lines": 6, "num_statements": 7, "percent_covered": 85.71428571428571, "percent_covered_display": "86", "missing_lines": 1, "excluded_lines": 0, "percent_statements_covered": 85.71428571428571, "percent_statements_covered_display": "86"}, "missing_lines": [33], "excluded_lines": [], "start_line": 25}, "_bidding_complete": {"executed_lines": [38, 39, 42, 46, 47, 50, 51, 53], "summary": {"covered_lines": 8, "num_statements": 9, "percent_covered": 88.88888888888889, "percent_covered_display": "89", "missing_lines": 1, "excluded_lines": 0, "percent_statements_covered": 88.88888888888889, "percent_statements_covered_display": "89"}, "missing_lines": [43], "excluded_lines": [], "start_line": 36}, "_resolve_bidding": {"executed_lines": [58, 60, 62, 63, 65, 66, 67, 68, 71, 72, 73, 74, 77, 79, 81, 82, 83, 84, 85, 86, 88, 89, 90, 91, 92, 94, 96], "summary": {"covered_lines": 27, "num_statements": 27, "percent_covered": 100.0, "percent_covered_display": "100", "missing_lines": 0, "excluded_lines": 0, "percent_statements_covered": 100.0, "percent_statements_covered_display": "100"}, "missing_lines": [], "excluded_lines": [], "start_line": 56}, "": {"executed_lines": [3, 5, 8, 25, 36, 56], "summary": {"covered_lines": 6, "num_statements": 6, "percent_covered": 100.0, "percent_covered_display": "100", "missing_lines": 0, "excluded_lines": 0, "percent_statements_covered": 100.0, "percent_statements_covered_display": "100"}, "missing_lines": [], "excluded_lines": [], "start_line": 1}}, "classes": {"": {"executed_lines": [3, 5, 8, 10, 11, 13, 16, 17, 19, 20, 22, 25, 27, 28, 29, 30, 31, 32, 36, 38, 39, 42, 46, 47, 50, 51, 53, 56, 58, 60, 62, 63, 65, 66, 67, 68, 71, 72, 73, 74, 77, 79, 81, 82, 83, 84, 85, 86, 88, 89, 90, 91, 92, 94, 96], "summary": {"covered_lines": 55, "num_statements": 57, "percent_covered": 96.49122807017544, "percent_covered_display": "96", "missing_lines": 2, "excluded_lines": 0, "percent_statements_covered": 96.49122807017544, "percent_statements_covered_display": "96"}, "missing_lines": [33, 43], "excluded_lines": [], "start_line": 1}}}, "src/tarok/use_cases/call_king.py": {"executed_lines": [3, 5, 6, 9, 10, 11, 12, 14, 17, 18, 19, 20, 21, 22, 23, 26, 27, 28, 29, 32, 33, 34, 36, 37, 38], "summary": {"covered_lines": 25, "num_statements": 25, "percent_covered": 100.0, "percent_covered_display": "100", "missing_lines": 0, "excluded_lines": 0, "percent_statements_covered": 100.0, "percent_statements_covered_display": "100"}, "missing_lines": [], "excluded_lines": [], "functions": {"call_king": {"executed_lines": [10, 11, 12, 14, 17, 18, 19, 20, 21, 22, 23, 26, 27, 28, 29, 32, 33, 34, 36, 37, 38], "summary": {"covered_lines": 21, "num_statements": 21, "percent_covered": 100.0, "percent_covered_display": "100", "missing_lines": 0, "excluded_lines": 0, "percent_statements_covered": 100.0, "percent_statements_covered_display": "100"}, "missing_lines": [], "excluded_lines": [], "start_line": 9}, "": {"executed_lines": [3, 5, 6, 9], "summary": {"covered_lines": 4, "num_statements": 4, "percent_covered": 100.0, "percent_covered_display": "100", "missing_lines": 0, "excluded_lines": 0, "percent_statements_covered": 100.0, "percent_statements_covered_display": "100"}, "missing_lines": [], "excluded_lines": [], "start_line": 1}}, "classes": {"": {"executed_lines": [3, 5, 6, 9, 10, 11, 12, 14, 17, 18, 19, 20, 21, 22, 23, 26, 27, 28, 29, 32, 33, 34, 36, 37, 38], "summary": {"covered_lines": 25, "num_statements": 25, "percent_covered": 100.0, "percent_covered_display": "100", "missing_lines": 0, "excluded_lines": 0, "percent_statements_covered": 100.0, "percent_statements_covered_display": "100"}, "missing_lines": [], "excluded_lines": [], "start_line": 1}}}, "src/tarok/use_cases/deal.py": {"executed_lines": [3, 5, 7, 8, 10, 11, 14, 16, 18, 19, 20, 22, 23, 24, 25, 26, 28, 29, 31, 32, 33, 36, 38, 39, 40], "summary": {"covered_lines": 25, "num_statements": 25, "percent_covered": 100.0, "percent_covered_display": "100", "missing_lines": 0, "excluded_lines": 0, "percent_statements_covered": 100.0, "percent_statements_covered_display": "100"}, "missing_lines": [], "excluded_lines": [], "functions": {"deal": {"executed_lines": [16, 18, 19, 20, 22, 23, 24, 25, 26, 28, 29, 31, 32, 33, 36, 38, 39, 40], "summary": {"covered_lines": 18, "num_statements": 18, "percent_covered": 100.0, "percent_covered_display": "100", "missing_lines": 0, "excluded_lines": 0, "percent_statements_covered": 100.0, "percent_statements_covered_display": "100"}, "missing_lines": [], "excluded_lines": [], "start_line": 14}, "": {"executed_lines": [3, 5, 7, 8, 10, 11, 14], "summary": {"covered_lines": 7, "num_statements": 7, "percent_covered": 100.0, "percent_covered_display": "100", "missing_lines": 0, "excluded_lines": 0, "percent_statements_covered": 100.0, "percent_statements_covered_display": "100"}, "missing_lines": [], "excluded_lines": [], "start_line": 1}}, "classes": {"": {"executed_lines": [3, 5, 7, 8, 10, 11, 14, 16, 18, 19, 20, 22, 23, 24, 25, 26, 28, 29, 31, 32, 33, 36, 38, 39, 40], "summary": {"covered_lines": 25, "num_statements": 25, "percent_covered": 100.0, "percent_covered_display": "100", "missing_lines": 0, "excluded_lines": 0, "percent_statements_covered": 100.0, "percent_statements_covered_display": "100"}, "missing_lines": [], "excluded_lines": [], "start_line": 1}}}, "src/tarok/use_cases/exchange_talon.py": {"executed_lines": [3, 5, 6, 9, 11, 12, 13, 16, 20, 21, 22, 24, 25, 28, 30, 31, 32, 34, 35, 36, 39, 41, 42, 43, 44, 46, 48, 50, 57, 58, 59, 60, 61, 63, 64], "summary": {"covered_lines": 35, "num_statements": 38, "percent_covered": 92.10526315789474, "percent_covered_display": "92", "missing_lines": 3, "excluded_lines": 0, "percent_statements_covered": 92.10526315789474, "percent_statements_covered_display": "92"}, "missing_lines": [14, 51, 55], "excluded_lines": [], "functions": {"reveal_talon": {"executed_lines": [11, 12, 13, 16, 20, 21, 22, 24, 25], "summary": {"covered_lines": 9, "num_statements": 10, "percent_covered": 90.0, "percent_covered_display": "90", "missing_lines": 1, "excluded_lines": 0, "percent_statements_covered": 90.0, "percent_statements_covered_display": "90"}, "missing_lines": [14], "excluded_lines": [], "start_line": 9}, "pick_talon_group": {"executed_lines": [30, 31, 32, 34, 35, 36], "summary": {"covered_lines": 6, "num_statements": 6, "percent_covered": 100.0, "percent_covered_display": "100", "missing_lines": 0, "excluded_lines": 0, "percent_statements_covered": 100.0, "percent_statements_covered_display": "100"}, "missing_lines": [], "excluded_lines": [], "start_line": 28}, "discard_cards": {"executed_lines": [41, 42, 43, 44, 46, 48, 50, 57, 58, 59, 60, 61, 63, 64], "summary": {"covered_lines": 14, "num_statements": 16, "percent_covered": 87.5, "percent_covered_display": "88", "missing_lines": 2, "excluded_lines": 0, "percent_statements_covered": 87.5, "percent_statements_covered_display": "88"}, "missing_lines": [51, 55], "excluded_lines": [], "start_line": 39}, "": {"executed_lines": [3, 5, 6, 9, 28, 39], "summary": {"covered_lines": 6, "num_statements": 6, "percent_covered": 100.0, "percent_covered_display": "100", "missing_lines": 0, "excluded_lines": 0, "percent_statements_covered": 100.0, "percent_statements_covered_display": "100"}, "missing_lines": [], "excluded_lines": [], "start_line": 1}}, "classes": {"": {"executed_lines": [3, 5, 6, 9, 11, 12, 13, 16, 20, 21, 22, 24, 25, 28, 30, 31, 32, 34, 35, 36, 39, 41, 42, 43, 44, 46, 48, 50, 57, 58, 59, 60, 61, 63, 64], "summary": {"covered_lines": 35, "num_statements": 38, "percent_covered": 92.10526315789474, "percent_covered_display": "92", "missing_lines": 3, "excluded_lines": 0, "percent_statements_covered": 92.10526315789474, "percent_statements_covered_display": "92"}, "missing_lines": [14, 51, 55], "excluded_lines": [], "start_line": 1}}}, "src/tarok/use_cases/game_loop.py": {"executed_lines": [7, 9, 11, 12, 13, 14, 15, 16, 17, 18, 19, 22, 25, 26, 27, 28, 29, 30, 31, 32, 33, 34, 35, 38, 41, 47, 48, 49, 50, 52, 54, 55, 58, 59, 60, 63, 64, 65, 66, 67, 68, 69, 70, 71, 72, 74, 79, 82, 83, 85, 86, 89, 90, 91, 92, 95, 96, 101, 102, 103, 105, 108, 110, 113, 114, 115, 119, 122, 123, 124, 125, 126, 128, 129, 130, 131, 133, 136, 141, 142, 143, 144, 145, 146, 147, 148, 149, 150, 151, 152, 154, 155, 157, 159, 162, 163, 164, 165, 166, 167, 168, 173, 174, 175, 178, 179, 185, 186, 188, 189, 190, 191, 194, 195, 196, 197, 199], "summary": {"covered_lines": 117, "num_statements": 120, "percent_covered": 97.5, "percent_covered_display": "98", "missing_lines": 3, "excluded_lines": 0, "percent_statements_covered": 97.5, "percent_statements_covered_display": "98"}, "missing_lines": [77, 98, 116], "excluded_lines": [], "functions": {"NullObserver.on_game_start": {"executed_lines": [25], "summary": {"covered_lines": 1, "num_statements": 1, "percent_covered": 100.0, "percent_covered_display": "100", "missing_lines": 0, "excluded_lines": 0, "percent_statements_covered": 100.0, "percent_statements_covered_display": "100"}, "missing_lines": [], "excluded_lines": [], "start_line": 25}, "NullObserver.on_deal": {"executed_lines": [26], "summary": {"covered_lines": 1, "num_statements": 1, "percent_covered": 100.0, "percent_covered_display": "100", "missing_lines": 0, "excluded_lines": 0, "percent_statements_covered": 100.0, "percent_statements_covered_display": "100"}, "missing_lines": [], "excluded_lines": [], "start_line": 26}, "NullObserver.on_bid": {"executed_lines": [27], "summary": {"covered_lines": 1, "num_statements": 1, "percent_covered": 100.0, "percent_covered_display": "100", "missing_lines": 0, "excluded_lines": 0, "percent_statements_covered": 100.0, "percent_statements_covered_display": "100"}, "missing_lines": [], "excluded_lines": [], "start_line": 27}, "NullObserver.on_contract_won": {"executed_lines": [28], "summary": {"covered_lines": 1, "num_statements": 1, "percent_covered": 100.0, "percent_covered_display": "100", "missing_lines": 0, "excluded_lines": 0, "percent_statements_covered": 100.0, "percent_statements_covered_display": "100"}, "missing_lines": [], "excluded_lines": [], "start_line": 28}, "NullObserver.on_king_called": {"executed_lines": [29], "summary": {"covered_lines": 1, "num_statements": 1, "percent_covered": 100.0, "percent_covered_display": "100", "missing_lines": 0, "excluded_lines": 0, "percent_statements_covered": 100.0, "percent_statements_covered_display": "100"}, "missing_lines": [], "excluded_lines": [], "start_line": 29}, "NullObserver.on_talon_revealed": {"executed_lines": [30], "summary": {"covered_lines": 1, "num_statements": 1, "percent_covered": 100.0, "percent_covered_display": "100", "missing_lines": 0, "excluded_lines": 0, "percent_statements_covered": 100.0, "percent_statements_covered_display": "100"}, "missing_lines": [], "excluded_lines": [], "start_line": 30}, "NullObserver.on_talon_exchanged": {"executed_lines": [31], "summary": {"covered_lines": 1, "num_statements": 1, "percent_covered": 100.0, "percent_covered_display": "100", "missing_lines": 0, "excluded_lines": 0, "percent_statements_covered": 100.0, "percent_statements_covered_display": "100"}, "missing_lines": [], "excluded_lines": [], "start_line": 31}, "NullObserver.on_card_played": {"executed_lines": [32], "summary": {"covered_lines": 1, "num_statements": 1, "percent_covered": 100.0, "percent_covered_display": "100", "missing_lines": 0, "excluded_lines": 0, "percent_statements_covered": 100.0, "percent_statements_covered_display": "100"}, "missing_lines": [], "excluded_lines": [], "start_line": 32}, "NullObserver.on_rule_verified": {"executed_lines": [33], "summary": {"covered_lines": 1, "num_statements": 1, "percent_covered": 100.0, "percent_covered_display": "100", "missing_lines": 0, "excluded_lines": 0, "percent_statements_covered": 100.0, "percent_statements_covered_display": "100"}, "missing_lines": [], "excluded_lines": [], "start_line": 33}, "NullObserver.on_trick_won": {"executed_lines": [34], "summary": {"covered_lines": 1, "num_statements": 1, "percent_covered": 100.0, "percent_covered_display": "100", "missing_lines": 0, "excluded_lines": 0, "percent_statements_covered": 100.0, "percent_statements_covered_display": "100"}, "missing_lines": [], "excluded_lines": [], "start_line": 34}, "NullObserver.on_game_end": {"executed_lines": [35], "summary": {"covered_lines": 1, "num_statements": 1, "percent_covered": 100.0, "percent_covered_display": "100", "missing_lines": 0, "excluded_lines": 0, "percent_statements_covered": 100.0, "percent_statements_covered_display": "100"}, "missing_lines": [], "excluded_lines": [], "start_line": 35}, "GameLoop.__init__": {"executed_lines": [47, 48, 49, 50], "summary": {"covered_lines": 4, "num_statements": 4, "percent_covered": 100.0, "percent_covered_display": "100", "missing_lines": 0, "excluded_lines": 0, "percent_statements_covered": 100.0, "percent_statements_covered_display": "100"}, "missing_lines": [], "excluded_lines": [], "start_line": 41}, "GameLoop.run": {"executed_lines": [54, 55, 58, 59, 60, 63, 64, 65, 66, 67, 68, 69, 70, 71, 72, 74, 79, 82, 83, 85, 86, 89, 90, 91, 92, 95, 96, 101, 102, 103, 105, 108, 110, 113, 114, 115, 119, 122, 123, 124, 125, 126, 128, 129, 130, 131, 133, 136, 141, 142, 143, 144, 145, 146, 147, 148, 149, 150, 151, 152, 154, 155, 157, 159, 162, 163, 164, 165, 166, 167, 168, 173, 174, 175, 178, 179, 185, 186, 188, 189, 190, 191, 194, 195, 196, 197, 199], "summary": {"covered_lines": 87, "num_statements": 90, "percent_covered": 96.66666666666667, "percent_covered_display": "97", "missing_lines": 3, "excluded_lines": 0, "percent_statements_covered": 96.66666666666667, "percent_statements_covered_display": "97"}, "missing_lines": [77, 98, 116], "excluded_lines": [], "start_line": 52}, "": {"executed_lines": [7, 9, 11, 12, 13, 14, 15, 16, 17, 18, 19, 22, 38, 41, 52], "summary": {"covered_lines": 15, "num_statements": 15, "percent_covered": 100.0, "percent_covered_display": "100", "missing_lines": 0, "excluded_lines": 0, "percent_statements_covered": 100.0, "percent_statements_covered_display": "100"}, "missing_lines": [], "excluded_lines": [], "start_line": 1}}, "classes": {"NullObserver": {"executed_lines": [25, 26, 27, 28, 29, 30, 31, 32, 33, 34, 35], "summary": {"covered_lines": 11, "num_statements": 11, "percent_covered": 100.0, "percent_covered_display": "100", "missing_lines": 0, "excluded_lines": 0, "percent_statements_covered": 100.0, "percent_statements_covered_display": "100"}, "missing_lines": [], "excluded_lines": [], "start_line": 22}, "GameLoop": {"executed_lines": [47, 48, 49, 50, 54, 55, 58, 59, 60, 63, 64, 65, 66, 67, 68, 69, 70, 71, 72, 74, 79, 82, 83, 85, 86, 89, 90, 91, 92, 95, 96, 101, 102, 103, 105, 108, 110, 113, 114, 115, 119, 122, 123, 124, 125, 126, 128, 129, 130, 131, 133, 136, 141, 142, 143, 144, 145, 146, 147, 148, 149, 150, 151, 152, 154, 155, 157, 159, 162, 163, 164, 165, 166, 167, 168, 173, 174, 175, 178, 179, 185, 186, 188, 189, 190, 191, 194, 195, 196, 197, 199], "summary": {"covered_lines": 91, "num_statements": 94, "percent_covered": 96.80851063829788, "percent_covered_display": "97", "missing_lines": 3, "excluded_lines": 0, "percent_statements_covered": 96.80851063829788, "percent_statements_covered_display": "97"}, "missing_lines": [77, 98, 116], "excluded_lines": [], "start_line": 38}, "": {"executed_lines": [7, 9, 11, 12, 13, 14, 15, 16, 17, 18, 19, 22, 38, 41, 52], "summary": {"covered_lines": 15, "num_statements": 15, "percent_covered": 100.0, "percent_covered_display": "100", "missing_lines": 0, "excluded_lines": 0, "percent_statements_covered": 100.0, "percent_statements_covered_display": "100"}, "missing_lines": [], "excluded_lines": [], "start_line": 1}}}, "src/tarok/use_cases/play_trick.py": {"executed_lines": [3, 5, 6, 9, 11, 12, 13, 16, 18, 19, 20, 21, 25, 26, 28, 29, 31, 33, 36, 38, 39, 41, 42, 43, 44, 46, 47], "summary": {"covered_lines": 27, "num_statements": 27, "percent_covered": 100.0, "percent_covered_display": "100", "missing_lines": 0, "excluded_lines": 0, "percent_statements_covered": 100.0, "percent_statements_covered_display": "100"}, "missing_lines": [], "excluded_lines": [], "functions": {"start_trick": {"executed_lines": [11, 12, 13], "summary": {"covered_lines": 3, "num_statements": 3, "percent_covered": 100.0, "percent_covered_display": "100", "missing_lines": 0, "excluded_lines": 0, "percent_statements_covered": 100.0, "percent_statements_covered_display": "100"}, "missing_lines": [], "excluded_lines": [], "start_line": 9}, "play_card": {"executed_lines": [18, 19, 20, 21, 25, 26, 28, 29, 31, 33], "summary": {"covered_lines": 10, "num_statements": 10, "percent_covered": 100.0, "percent_covered_display": "100", "missing_lines": 0, "excluded_lines": 0, "percent_statements_covered": 100.0, "percent_statements_covered_display": "100"}, "missing_lines": [], "excluded_lines": [], "start_line": 16}, "_resolve_trick": {"executed_lines": [38, 39, 41, 42, 43, 44, 46, 47], "summary": {"covered_lines": 8, "num_statements": 8, "percent_covered": 100.0, "percent_covered_display": "100", "missing_lines": 0, "excluded_lines": 0, "percent_statements_covered": 100.0, "percent_statements_covered_display": "100"}, "missing_lines": [], "excluded_lines": [], "start_line": 36}, "": {"executed_lines": [3, 5, 6, 9, 16, 36], "summary": {"covered_lines": 6, "num_statements": 6, "percent_covered": 100.0, "percent_covered_display": "100", "missing_lines": 0, "excluded_lines": 0, "percent_statements_covered": 100.0, "percent_statements_covered_display": "100"}, "missing_lines": [], "excluded_lines": [], "start_line": 1}}, "classes": {"": {"executed_lines": [3, 5, 6, 9, 11, 12, 13, 16, 18, 19, 20, 21, 25, 26, 28, 29, 31, 33, 36, 38, 39, 41, 42, 43, 44, 46, 47], "summary": {"covered_lines": 27, "num_statements": 27, "percent_covered": 100.0, "percent_covered_display": "100", "missing_lines": 0, "excluded_lines": 0, "percent_statements_covered": 100.0, "percent_statements_covered_display": "100"}, "missing_lines": [], "excluded_lines": [], "start_line": 1}}}}, "totals": {"covered_lines": 2438, "num_statements": 4275, "percent_covered": 57.02923976608187, "percent_covered_display": "57", "missing_lines": 1837, "excluded_lines": 36, "percent_statements_covered": 57.02923976608187, "percent_statements_covered_display": "57"}}